Started GET "/" for 127.0.0.1 at 2019-02-25 09:17:39 -0500
Processing by Rails::WelcomeController#index as HTML
  Rendering /Users/stephaniewillhide/.rbenv/versions/2.3.1/lib/ruby/gems/2.3.0/gems/railties-5.2.2/lib/rails/templates/rails/welcome/index.html.erb
  Rendered /Users/stephaniewillhide/.rbenv/versions/2.3.1/lib/ruby/gems/2.3.0/gems/railties-5.2.2/lib/rails/templates/rails/welcome/index.html.erb (3.5ms)
Completed 200 OK in 21ms (Views: 10.7ms | ActiveRecord: 0.0ms)


Started GET "/" for 127.0.0.1 at 2019-02-25 09:22:19 -0500
Processing by Rails::WelcomeController#index as HTML
  Rendering /Users/stephaniewillhide/.rbenv/versions/2.3.1/lib/ruby/gems/2.3.0/gems/railties-5.2.2/lib/rails/templates/rails/welcome/index.html.erb
  Rendered /Users/stephaniewillhide/.rbenv/versions/2.3.1/lib/ruby/gems/2.3.0/gems/railties-5.2.2/lib/rails/templates/rails/welcome/index.html.erb (2.9ms)
Completed 200 OK in 10ms (Views: 6.2ms | ActiveRecord: 0.0ms)


Started GET "/" for 127.0.0.1 at 2019-02-25 09:22:21 -0500
Processing by Rails::WelcomeController#index as HTML
  Rendering /Users/stephaniewillhide/.rbenv/versions/2.3.1/lib/ruby/gems/2.3.0/gems/railties-5.2.2/lib/rails/templates/rails/welcome/index.html.erb
  Rendered /Users/stephaniewillhide/.rbenv/versions/2.3.1/lib/ruby/gems/2.3.0/gems/railties-5.2.2/lib/rails/templates/rails/welcome/index.html.erb (2.5ms)
Completed 200 OK in 11ms (Views: 5.7ms | ActiveRecord: 0.0ms)


Started GET "/" for 127.0.0.1 at 2019-02-25 09:23:47 -0500
Processing by WelcomeController#index as HTML
  Rendering welcome/index.html.erb within layouts/application
  Rendered welcome/index.html.erb within layouts/application (0.3ms)
Completed 200 OK in 474ms (Views: 472.3ms | ActiveRecord: 0.0ms)


Started GET "/articles/new" for 127.0.0.1 at 2019-02-25 09:27:51 -0500
  
ActionController::RoutingError (uninitialized constant ArticlesController):
  
bootsnap (1.4.0) lib/bootsnap/load_path_cache/core_ext/active_support.rb:76:in `block in load_missing_constant'
bootsnap (1.4.0) lib/bootsnap/load_path_cache/core_ext/active_support.rb:8:in `without_bootsnap_cache'
bootsnap (1.4.0) lib/bootsnap/load_path_cache/core_ext/active_support.rb:76:in `rescue in load_missing_constant'
bootsnap (1.4.0) lib/bootsnap/load_path_cache/core_ext/active_support.rb:59:in `load_missing_constant'
activesupport (5.2.2) lib/active_support/inflector/methods.rb:283:in `const_get'
activesupport (5.2.2) lib/active_support/inflector/methods.rb:283:in `block in constantize'
activesupport (5.2.2) lib/active_support/inflector/methods.rb:281:in `each'
activesupport (5.2.2) lib/active_support/inflector/methods.rb:281:in `inject'
activesupport (5.2.2) lib/active_support/inflector/methods.rb:281:in `constantize'
actionpack (5.2.2) lib/action_dispatch/http/request.rb:88:in `controller_class_for'
actionpack (5.2.2) lib/action_dispatch/http/request.rb:81:in `controller_class'
actionpack (5.2.2) lib/action_dispatch/routing/route_set.rb:46:in `controller'
actionpack (5.2.2) lib/action_dispatch/routing/route_set.rb:32:in `serve'
actionpack (5.2.2) lib/action_dispatch/journey/router.rb:52:in `block in serve'
actionpack (5.2.2) lib/action_dispatch/journey/router.rb:35:in `each'
actionpack (5.2.2) lib/action_dispatch/journey/router.rb:35:in `serve'
actionpack (5.2.2) lib/action_dispatch/routing/route_set.rb:840:in `call'
rack (2.0.6) lib/rack/tempfile_reaper.rb:15:in `call'
rack (2.0.6) lib/rack/etag.rb:25:in `call'
rack (2.0.6) lib/rack/conditional_get.rb:25:in `call'
rack (2.0.6) lib/rack/head.rb:12:in `call'
actionpack (5.2.2) lib/action_dispatch/http/content_security_policy.rb:18:in `call'
rack (2.0.6) lib/rack/session/abstract/id.rb:232:in `context'
rack (2.0.6) lib/rack/session/abstract/id.rb:226:in `call'
actionpack (5.2.2) lib/action_dispatch/middleware/cookies.rb:670:in `call'
activerecord (5.2.2) lib/active_record/migration.rb:559:in `call'
actionpack (5.2.2) lib/action_dispatch/middleware/callbacks.rb:28:in `block in call'
activesupport (5.2.2) lib/active_support/callbacks.rb:98:in `run_callbacks'
actionpack (5.2.2) lib/action_dispatch/middleware/callbacks.rb:26:in `call'
actionpack (5.2.2) lib/action_dispatch/middleware/executor.rb:14:in `call'
actionpack (5.2.2) lib/action_dispatch/middleware/debug_exceptions.rb:61:in `call'
web-console (3.7.0) lib/web_console/middleware.rb:135:in `call_app'
web-console (3.7.0) lib/web_console/middleware.rb:30:in `block in call'
web-console (3.7.0) lib/web_console/middleware.rb:20:in `catch'
web-console (3.7.0) lib/web_console/middleware.rb:20:in `call'
actionpack (5.2.2) lib/action_dispatch/middleware/show_exceptions.rb:33:in `call'
railties (5.2.2) lib/rails/rack/logger.rb:38:in `call_app'
railties (5.2.2) lib/rails/rack/logger.rb:26:in `block in call'
activesupport (5.2.2) lib/active_support/tagged_logging.rb:71:in `block in tagged'
activesupport (5.2.2) lib/active_support/tagged_logging.rb:28:in `tagged'
activesupport (5.2.2) lib/active_support/tagged_logging.rb:71:in `tagged'
railties (5.2.2) lib/rails/rack/logger.rb:26:in `call'
sprockets-rails (3.2.1) lib/sprockets/rails/quiet_assets.rb:13:in `call'
actionpack (5.2.2) lib/action_dispatch/middleware/remote_ip.rb:81:in `call'
actionpack (5.2.2) lib/action_dispatch/middleware/request_id.rb:27:in `call'
rack (2.0.6) lib/rack/method_override.rb:22:in `call'
rack (2.0.6) lib/rack/runtime.rb:22:in `call'
activesupport (5.2.2) lib/active_support/cache/strategy/local_cache_middleware.rb:29:in `call'
actionpack (5.2.2) lib/action_dispatch/middleware/executor.rb:14:in `call'
actionpack (5.2.2) lib/action_dispatch/middleware/static.rb:127:in `call'
rack (2.0.6) lib/rack/sendfile.rb:111:in `call'
railties (5.2.2) lib/rails/engine.rb:524:in `call'
puma (3.12.0) lib/puma/configuration.rb:225:in `call'
puma (3.12.0) lib/puma/server.rb:658:in `handle_request'
puma (3.12.0) lib/puma/server.rb:472:in `process_client'
puma (3.12.0) lib/puma/server.rb:332:in `block in run'
puma (3.12.0) lib/puma/thread_pool.rb:133:in `block in spawn_thread'
Started GET "/articles/new" for 127.0.0.1 at 2019-02-25 09:30:15 -0500
  
AbstractController::ActionNotFound (The action 'new' could not be found for ArticlesController):
  
actionpack (5.2.2) lib/abstract_controller/base.rb:129:in `process'
actionview (5.2.2) lib/action_view/rendering.rb:32:in `process'
actionpack (5.2.2) lib/action_controller/metal.rb:191:in `dispatch'
actionpack (5.2.2) lib/action_controller/metal.rb:252:in `dispatch'
actionpack (5.2.2) lib/action_dispatch/routing/route_set.rb:52:in `dispatch'
actionpack (5.2.2) lib/action_dispatch/routing/route_set.rb:34:in `serve'
actionpack (5.2.2) lib/action_dispatch/journey/router.rb:52:in `block in serve'
actionpack (5.2.2) lib/action_dispatch/journey/router.rb:35:in `each'
actionpack (5.2.2) lib/action_dispatch/journey/router.rb:35:in `serve'
actionpack (5.2.2) lib/action_dispatch/routing/route_set.rb:840:in `call'
rack (2.0.6) lib/rack/tempfile_reaper.rb:15:in `call'
rack (2.0.6) lib/rack/etag.rb:25:in `call'
rack (2.0.6) lib/rack/conditional_get.rb:25:in `call'
rack (2.0.6) lib/rack/head.rb:12:in `call'
actionpack (5.2.2) lib/action_dispatch/http/content_security_policy.rb:18:in `call'
rack (2.0.6) lib/rack/session/abstract/id.rb:232:in `context'
rack (2.0.6) lib/rack/session/abstract/id.rb:226:in `call'
actionpack (5.2.2) lib/action_dispatch/middleware/cookies.rb:670:in `call'
activerecord (5.2.2) lib/active_record/migration.rb:559:in `call'
actionpack (5.2.2) lib/action_dispatch/middleware/callbacks.rb:28:in `block in call'
activesupport (5.2.2) lib/active_support/callbacks.rb:98:in `run_callbacks'
actionpack (5.2.2) lib/action_dispatch/middleware/callbacks.rb:26:in `call'
actionpack (5.2.2) lib/action_dispatch/middleware/executor.rb:14:in `call'
actionpack (5.2.2) lib/action_dispatch/middleware/debug_exceptions.rb:61:in `call'
web-console (3.7.0) lib/web_console/middleware.rb:135:in `call_app'
web-console (3.7.0) lib/web_console/middleware.rb:30:in `block in call'
web-console (3.7.0) lib/web_console/middleware.rb:20:in `catch'
web-console (3.7.0) lib/web_console/middleware.rb:20:in `call'
actionpack (5.2.2) lib/action_dispatch/middleware/show_exceptions.rb:33:in `call'
railties (5.2.2) lib/rails/rack/logger.rb:38:in `call_app'
railties (5.2.2) lib/rails/rack/logger.rb:26:in `block in call'
activesupport (5.2.2) lib/active_support/tagged_logging.rb:71:in `block in tagged'
activesupport (5.2.2) lib/active_support/tagged_logging.rb:28:in `tagged'
activesupport (5.2.2) lib/active_support/tagged_logging.rb:71:in `tagged'
railties (5.2.2) lib/rails/rack/logger.rb:26:in `call'
sprockets-rails (3.2.1) lib/sprockets/rails/quiet_assets.rb:13:in `call'
actionpack (5.2.2) lib/action_dispatch/middleware/remote_ip.rb:81:in `call'
actionpack (5.2.2) lib/action_dispatch/middleware/request_id.rb:27:in `call'
rack (2.0.6) lib/rack/method_override.rb:22:in `call'
rack (2.0.6) lib/rack/runtime.rb:22:in `call'
activesupport (5.2.2) lib/active_support/cache/strategy/local_cache_middleware.rb:29:in `call'
actionpack (5.2.2) lib/action_dispatch/middleware/executor.rb:14:in `call'
actionpack (5.2.2) lib/action_dispatch/middleware/static.rb:127:in `call'
rack (2.0.6) lib/rack/sendfile.rb:111:in `call'
railties (5.2.2) lib/rails/engine.rb:524:in `call'
puma (3.12.0) lib/puma/configuration.rb:225:in `call'
puma (3.12.0) lib/puma/server.rb:658:in `handle_request'
puma (3.12.0) lib/puma/server.rb:472:in `process_client'
puma (3.12.0) lib/puma/server.rb:332:in `block in run'
puma (3.12.0) lib/puma/thread_pool.rb:133:in `block in spawn_thread'
Started GET "/articles/new" for 127.0.0.1 at 2019-02-25 09:30:53 -0500
Processing by ArticlesController#new as HTML
Completed 406 Not Acceptable in 74ms (ActiveRecord: 0.0ms)


  
ActionController::UnknownFormat (ArticlesController#new is missing a template for this request format and variant.

request.formats: ["text/html"]
request.variant: []

NOTE! For XHR/Ajax or API requests, this action would normally respond with 204 No Content: an empty white screen. Since you're loading it in a web browser, we assume that you expected to actually render a template, not nothing, so we're showing an error to be extra-clear. If you expect 204 No Content, carry on. That's what you'll get from an XHR or API request. Give it a shot.):
  
actionpack (5.2.2) lib/action_controller/metal/implicit_render.rb:55:in `default_render'
actionpack (5.2.2) lib/action_controller/metal/basic_implicit_render.rb:6:in `block in send_action'
actionpack (5.2.2) lib/action_controller/metal/basic_implicit_render.rb:6:in `tap'
actionpack (5.2.2) lib/action_controller/metal/basic_implicit_render.rb:6:in `send_action'
actionpack (5.2.2) lib/abstract_controller/base.rb:194:in `process_action'
actionpack (5.2.2) lib/action_controller/metal/rendering.rb:30:in `process_action'
actionpack (5.2.2) lib/abstract_controller/callbacks.rb:42:in `block in process_action'
activesupport (5.2.2) lib/active_support/callbacks.rb:132:in `run_callbacks'
actionpack (5.2.2) lib/abstract_controller/callbacks.rb:41:in `process_action'
actionpack (5.2.2) lib/action_controller/metal/rescue.rb:22:in `process_action'
actionpack (5.2.2) lib/action_controller/metal/instrumentation.rb:34:in `block in process_action'
activesupport (5.2.2) lib/active_support/notifications.rb:168:in `block in instrument'
activesupport (5.2.2) lib/active_support/notifications/instrumenter.rb:23:in `instrument'
activesupport (5.2.2) lib/active_support/notifications.rb:168:in `instrument'
actionpack (5.2.2) lib/action_controller/metal/instrumentation.rb:32:in `process_action'
actionpack (5.2.2) lib/action_controller/metal/params_wrapper.rb:256:in `process_action'
activerecord (5.2.2) lib/active_record/railties/controller_runtime.rb:24:in `process_action'
actionpack (5.2.2) lib/abstract_controller/base.rb:134:in `process'
actionview (5.2.2) lib/action_view/rendering.rb:32:in `process'
actionpack (5.2.2) lib/action_controller/metal.rb:191:in `dispatch'
actionpack (5.2.2) lib/action_controller/metal.rb:252:in `dispatch'
actionpack (5.2.2) lib/action_dispatch/routing/route_set.rb:52:in `dispatch'
actionpack (5.2.2) lib/action_dispatch/routing/route_set.rb:34:in `serve'
actionpack (5.2.2) lib/action_dispatch/journey/router.rb:52:in `block in serve'
actionpack (5.2.2) lib/action_dispatch/journey/router.rb:35:in `each'
actionpack (5.2.2) lib/action_dispatch/journey/router.rb:35:in `serve'
actionpack (5.2.2) lib/action_dispatch/routing/route_set.rb:840:in `call'
rack (2.0.6) lib/rack/tempfile_reaper.rb:15:in `call'
rack (2.0.6) lib/rack/etag.rb:25:in `call'
rack (2.0.6) lib/rack/conditional_get.rb:25:in `call'
rack (2.0.6) lib/rack/head.rb:12:in `call'
actionpack (5.2.2) lib/action_dispatch/http/content_security_policy.rb:18:in `call'
rack (2.0.6) lib/rack/session/abstract/id.rb:232:in `context'
rack (2.0.6) lib/rack/session/abstract/id.rb:226:in `call'
actionpack (5.2.2) lib/action_dispatch/middleware/cookies.rb:670:in `call'
activerecord (5.2.2) lib/active_record/migration.rb:559:in `call'
actionpack (5.2.2) lib/action_dispatch/middleware/callbacks.rb:28:in `block in call'
activesupport (5.2.2) lib/active_support/callbacks.rb:98:in `run_callbacks'
actionpack (5.2.2) lib/action_dispatch/middleware/callbacks.rb:26:in `call'
actionpack (5.2.2) lib/action_dispatch/middleware/executor.rb:14:in `call'
actionpack (5.2.2) lib/action_dispatch/middleware/debug_exceptions.rb:61:in `call'
web-console (3.7.0) lib/web_console/middleware.rb:135:in `call_app'
web-console (3.7.0) lib/web_console/middleware.rb:30:in `block in call'
web-console (3.7.0) lib/web_console/middleware.rb:20:in `catch'
web-console (3.7.0) lib/web_console/middleware.rb:20:in `call'
actionpack (5.2.2) lib/action_dispatch/middleware/show_exceptions.rb:33:in `call'
railties (5.2.2) lib/rails/rack/logger.rb:38:in `call_app'
railties (5.2.2) lib/rails/rack/logger.rb:26:in `block in call'
activesupport (5.2.2) lib/active_support/tagged_logging.rb:71:in `block in tagged'
activesupport (5.2.2) lib/active_support/tagged_logging.rb:28:in `tagged'
activesupport (5.2.2) lib/active_support/tagged_logging.rb:71:in `tagged'
railties (5.2.2) lib/rails/rack/logger.rb:26:in `call'
sprockets-rails (3.2.1) lib/sprockets/rails/quiet_assets.rb:13:in `call'
actionpack (5.2.2) lib/action_dispatch/middleware/remote_ip.rb:81:in `call'
actionpack (5.2.2) lib/action_dispatch/middleware/request_id.rb:27:in `call'
rack (2.0.6) lib/rack/method_override.rb:22:in `call'
rack (2.0.6) lib/rack/runtime.rb:22:in `call'
activesupport (5.2.2) lib/active_support/cache/strategy/local_cache_middleware.rb:29:in `call'
actionpack (5.2.2) lib/action_dispatch/middleware/executor.rb:14:in `call'
actionpack (5.2.2) lib/action_dispatch/middleware/static.rb:127:in `call'
rack (2.0.6) lib/rack/sendfile.rb:111:in `call'
railties (5.2.2) lib/rails/engine.rb:524:in `call'
puma (3.12.0) lib/puma/configuration.rb:225:in `call'
puma (3.12.0) lib/puma/server.rb:658:in `handle_request'
puma (3.12.0) lib/puma/server.rb:472:in `process_client'
puma (3.12.0) lib/puma/server.rb:332:in `block in run'
puma (3.12.0) lib/puma/thread_pool.rb:133:in `block in spawn_thread'
Started GET "/" for 127.0.0.1 at 2019-02-26 22:33:57 -0500
Processing by WelcomeController#index as HTML
  Rendering welcome/index.html.erb within layouts/application
  Rendered welcome/index.html.erb within layouts/application (1.5ms)
Completed 200 OK in 302ms (Views: 293.4ms | ActiveRecord: 0.0ms)


Started GET "/articles" for 127.0.0.1 at 2019-02-26 22:34:12 -0500
  
AbstractController::ActionNotFound (The action 'index' could not be found for ArticlesController):
  
actionpack (5.2.2) lib/abstract_controller/base.rb:129:in `process'
actionview (5.2.2) lib/action_view/rendering.rb:32:in `process'
actionpack (5.2.2) lib/action_controller/metal.rb:191:in `dispatch'
actionpack (5.2.2) lib/action_controller/metal.rb:252:in `dispatch'
actionpack (5.2.2) lib/action_dispatch/routing/route_set.rb:52:in `dispatch'
actionpack (5.2.2) lib/action_dispatch/routing/route_set.rb:34:in `serve'
actionpack (5.2.2) lib/action_dispatch/journey/router.rb:52:in `block in serve'
actionpack (5.2.2) lib/action_dispatch/journey/router.rb:35:in `each'
actionpack (5.2.2) lib/action_dispatch/journey/router.rb:35:in `serve'
actionpack (5.2.2) lib/action_dispatch/routing/route_set.rb:840:in `call'
rack (2.0.6) lib/rack/tempfile_reaper.rb:15:in `call'
rack (2.0.6) lib/rack/etag.rb:25:in `call'
rack (2.0.6) lib/rack/conditional_get.rb:25:in `call'
rack (2.0.6) lib/rack/head.rb:12:in `call'
actionpack (5.2.2) lib/action_dispatch/http/content_security_policy.rb:18:in `call'
rack (2.0.6) lib/rack/session/abstract/id.rb:232:in `context'
rack (2.0.6) lib/rack/session/abstract/id.rb:226:in `call'
actionpack (5.2.2) lib/action_dispatch/middleware/cookies.rb:670:in `call'
activerecord (5.2.2) lib/active_record/migration.rb:559:in `call'
actionpack (5.2.2) lib/action_dispatch/middleware/callbacks.rb:28:in `block in call'
activesupport (5.2.2) lib/active_support/callbacks.rb:98:in `run_callbacks'
actionpack (5.2.2) lib/action_dispatch/middleware/callbacks.rb:26:in `call'
actionpack (5.2.2) lib/action_dispatch/middleware/executor.rb:14:in `call'
actionpack (5.2.2) lib/action_dispatch/middleware/debug_exceptions.rb:61:in `call'
web-console (3.7.0) lib/web_console/middleware.rb:135:in `call_app'
web-console (3.7.0) lib/web_console/middleware.rb:30:in `block in call'
web-console (3.7.0) lib/web_console/middleware.rb:20:in `catch'
web-console (3.7.0) lib/web_console/middleware.rb:20:in `call'
actionpack (5.2.2) lib/action_dispatch/middleware/show_exceptions.rb:33:in `call'
railties (5.2.2) lib/rails/rack/logger.rb:38:in `call_app'
railties (5.2.2) lib/rails/rack/logger.rb:26:in `block in call'
activesupport (5.2.2) lib/active_support/tagged_logging.rb:71:in `block in tagged'
activesupport (5.2.2) lib/active_support/tagged_logging.rb:28:in `tagged'
activesupport (5.2.2) lib/active_support/tagged_logging.rb:71:in `tagged'
railties (5.2.2) lib/rails/rack/logger.rb:26:in `call'
sprockets-rails (3.2.1) lib/sprockets/rails/quiet_assets.rb:13:in `call'
actionpack (5.2.2) lib/action_dispatch/middleware/remote_ip.rb:81:in `call'
actionpack (5.2.2) lib/action_dispatch/middleware/request_id.rb:27:in `call'
rack (2.0.6) lib/rack/method_override.rb:22:in `call'
rack (2.0.6) lib/rack/runtime.rb:22:in `call'
activesupport (5.2.2) lib/active_support/cache/strategy/local_cache_middleware.rb:29:in `call'
actionpack (5.2.2) lib/action_dispatch/middleware/executor.rb:14:in `call'
actionpack (5.2.2) lib/action_dispatch/middleware/static.rb:127:in `call'
rack (2.0.6) lib/rack/sendfile.rb:111:in `call'
railties (5.2.2) lib/rails/engine.rb:524:in `call'
puma (3.12.0) lib/puma/configuration.rb:225:in `call'
puma (3.12.0) lib/puma/server.rb:658:in `handle_request'
puma (3.12.0) lib/puma/server.rb:472:in `process_client'
puma (3.12.0) lib/puma/server.rb:332:in `block in run'
puma (3.12.0) lib/puma/thread_pool.rb:133:in `block in spawn_thread'
Started GET "/articles/new" for 127.0.0.1 at 2019-02-26 22:34:17 -0500
Processing by ArticlesController#new as HTML
  Rendering articles/new.html.erb within layouts/application
  Rendered articles/new.html.erb within layouts/application (0.4ms)
Completed 200 OK in 26ms (Views: 22.6ms | ActiveRecord: 0.0ms)


Started GET "/articles/new" for 127.0.0.1 at 2019-02-26 22:34:55 -0500
Processing by ArticlesController#new as HTML
  Rendering articles/new.html.erb within layouts/application
  Rendered articles/new.html.erb within layouts/application (26.3ms)
Completed 200 OK in 46ms (Views: 44.3ms | ActiveRecord: 0.0ms)


Started GET "/articles/new" for 127.0.0.1 at 2019-02-26 22:36:18 -0500
Processing by ArticlesController#new as HTML
  Rendering articles/new.html.erb within layouts/application
  Rendered articles/new.html.erb within layouts/application (2.2ms)
Completed 200 OK in 38ms (Views: 34.4ms | ActiveRecord: 0.0ms)


Started GET "/articles/new" for 127.0.0.1 at 2019-02-26 22:43:53 -0500
Processing by ArticlesController#new as HTML
  Rendering articles/new.html.erb within layouts/application
  Rendered articles/new.html.erb within layouts/application (5.8ms)
Completed 200 OK in 31ms (Views: 28.8ms | ActiveRecord: 0.0ms)


Started GET "/articles/new" for 127.0.0.1 at 2019-02-26 22:43:56 -0500
Processing by ArticlesController#new as HTML
  Rendering articles/new.html.erb within layouts/application
  Rendered articles/new.html.erb within layouts/application (2.5ms)
Completed 200 OK in 31ms (Views: 28.0ms | ActiveRecord: 0.0ms)


Started POST "/articles" for 127.0.0.1 at 2019-02-26 22:46:57 -0500
Processing by ArticlesController#create as HTML
  Parameters: {"utf8"=>"✓", "authenticity_token"=>"dZaY5TU3XwbMKwRQd2HGnRLzSiYqL0O9uz5xvGvaZ7QkL/UQu/E7sWoMhL7V69PHiBhWL0xXWQN8KoMnGKUM7Q==", "article"=>{"title"=>"", "text"=>""}, "commit"=>"Save Article"}
  Rendering text template
  Rendered text template (0.0ms)
Completed 200 OK in 2ms (Views: 1.9ms | ActiveRecord: 0.0ms)


Started POST "/articles" for 127.0.0.1 at 2019-02-26 22:47:14 -0500
Processing by ArticlesController#create as HTML
  Parameters: {"utf8"=>"✓", "authenticity_token"=>"dZaY5TU3XwbMKwRQd2HGnRLzSiYqL0O9uz5xvGvaZ7QkL/UQu/E7sWoMhL7V69PHiBhWL0xXWQN8KoMnGKUM7Q==", "article"=>{"title"=>"", "text"=>""}, "commit"=>"Save Article"}
  Rendering text template
  Rendered text template (0.0ms)
Completed 200 OK in 1ms (Views: 0.6ms | ActiveRecord: 0.0ms)


Started POST "/articles" for 127.0.0.1 at 2019-02-26 22:47:48 -0500
Processing by ArticlesController#create as HTML
  Parameters: {"utf8"=>"✓", "authenticity_token"=>"dZaY5TU3XwbMKwRQd2HGnRLzSiYqL0O9uz5xvGvaZ7QkL/UQu/E7sWoMhL7V69PHiBhWL0xXWQN8KoMnGKUM7Q==", "article"=>{"title"=>"my article", "text"=>"hello world"}, "commit"=>"Save Article"}
  Rendering text template
  Rendered text template (0.0ms)
Completed 200 OK in 1ms (Views: 0.4ms | ActiveRecord: 0.0ms)


  [1m[35m (0.4ms)[0m  [1m[34mSELECT sqlite_version(*)[0m
  ↳ bin/rails:9
  [1m[35m (1.5ms)[0m  [1m[35mCREATE TABLE "schema_migrations" ("version" varchar NOT NULL PRIMARY KEY)[0m
  ↳ bin/rails:9
  [1m[35m (1.2ms)[0m  [1m[35mCREATE TABLE "ar_internal_metadata" ("key" varchar NOT NULL PRIMARY KEY, "value" varchar, "created_at" datetime NOT NULL, "updated_at" datetime NOT NULL)[0m
  ↳ bin/rails:9
  [1m[35m (0.1ms)[0m  [1m[34mSELECT "schema_migrations"."version" FROM "schema_migrations" ORDER BY "schema_migrations"."version" ASC[0m
  ↳ bin/rails:9
Migrating to CreateArticles (20190227034819)
  [1m[35m (0.1ms)[0m  [1m[36mbegin transaction[0m
  ↳ bin/rails:9
  [1m[35m (0.3ms)[0m  [1m[35mCREATE TABLE "articles" ("id" integer PRIMARY KEY AUTOINCREMENT NOT NULL, "title" varchar, "text" text, "created_at" datetime NOT NULL, "updated_at" datetime NOT NULL)[0m
  ↳ db/migrate/20190227034819_create_articles.rb:3
  [1m[36mActiveRecord::SchemaMigration Create (0.1ms)[0m  [1m[32mINSERT INTO "schema_migrations" ("version") VALUES (?)[0m  [["version", "20190227034819"]]
  ↳ bin/rails:9
  [1m[35m (1.0ms)[0m  [1m[36mcommit transaction[0m
  ↳ bin/rails:9
  [1m[36mActiveRecord::InternalMetadata Load (0.2ms)[0m  [1m[34mSELECT  "ar_internal_metadata".* FROM "ar_internal_metadata" WHERE "ar_internal_metadata"."key" = ? LIMIT ?[0m  [["key", "environment"], ["LIMIT", 1]]
  ↳ bin/rails:9
  [1m[35m (0.0ms)[0m  [1m[36mbegin transaction[0m
  ↳ bin/rails:9
  [1m[36mActiveRecord::InternalMetadata Create (0.3ms)[0m  [1m[32mINSERT INTO "ar_internal_metadata" ("key", "value", "created_at", "updated_at") VALUES (?, ?, ?, ?)[0m  [["key", "environment"], ["value", "development"], ["created_at", "2019-02-27 03:57:10.941231"], ["updated_at", "2019-02-27 03:57:10.941231"]]
  ↳ bin/rails:9
  [1m[35m (1.0ms)[0m  [1m[36mcommit transaction[0m
  ↳ bin/rails:9
  [1m[35m (0.1ms)[0m  [1m[34mSELECT "schema_migrations"."version" FROM "schema_migrations" ORDER BY "schema_migrations"."version" ASC[0m
  ↳ bin/rails:9
Started GET "/articles/new" for 127.0.0.1 at 2019-03-02 20:11:26 -0500
  [1m[35m (0.4ms)[0m  [1m[34mSELECT "schema_migrations"."version" FROM "schema_migrations" ORDER BY "schema_migrations"."version" ASC[0m
  ↳ /Users/stephaniewillhide/.rbenv/versions/2.3.1/lib/ruby/gems/2.3.0/gems/activerecord-5.2.2/lib/active_record/log_subscriber.rb:98
Processing by ArticlesController#new as HTML
  Rendering articles/new.html.erb within layouts/application
  Rendered articles/new.html.erb within layouts/application (22.6ms)
Completed 200 OK in 286ms (Views: 276.5ms | ActiveRecord: 0.0ms)


Started GET "/articles/new" for 127.0.0.1 at 2019-03-02 20:15:58 -0500
  
RuntimeError (Circular dependency detected while autoloading constant ApplicationController):
  
app/controllers/application_controller.rb:1:in `<main>'
app/controllers/articles_controller.rb:1:in `<main>'
Started GET "/articles/new" for 127.0.0.1 at 2019-03-02 20:16:23 -0500
Processing by ArticlesController#new as HTML
  Rendering articles/new.html.erb within layouts/application
  Rendered articles/new.html.erb within layouts/application (2.3ms)
Completed 200 OK in 30ms (Views: 28.0ms | ActiveRecord: 0.0ms)


Started POST "/articles" for 127.0.0.1 at 2019-03-02 20:16:29 -0500
Processing by ArticlesController#create as HTML
  Parameters: {"utf8"=>"✓", "authenticity_token"=>"0pnWs8RvmtgOban3Mqdmt8wJASjiHANoP9oAS2pTQUuDILtGSqn+b6hKKRmQLXPtVuIdIYRkGdb4zvLQGSwqEg==", "article"=>{"title"=>"my article", "text"=>"article\r\n"}, "commit"=>"Save Article"}
Completed 500 Internal Server Error in 15ms (ActiveRecord: 0.8ms)


  
ActiveModel::ForbiddenAttributesError (ActiveModel::ForbiddenAttributesError):
  
app/controllers/articles_controller.rb:6:in `create'
Started POST "/articles" for 127.0.0.1 at 2019-03-02 20:17:07 -0500
  
RuntimeError (Circular dependency detected while autoloading constant ApplicationController):
  
app/controllers/application_controller.rb:1:in `<main>'
app/controllers/articles_controller.rb:1:in `<main>'
Started GET "/articles/new" for 127.0.0.1 at 2019-03-02 20:17:11 -0500
  
RuntimeError (Circular dependency detected while autoloading constant ApplicationController):
  
app/controllers/application_controller.rb:1:in `<main>'
app/controllers/articles_controller.rb:1:in `<main>'
Started GET "/articles/new" for 127.0.0.1 at 2019-03-02 20:18:17 -0500
  
RuntimeError (Circular dependency detected while autoloading constant ApplicationController):
  
app/controllers/application_controller.rb:1:in `<main>'
app/controllers/articles_controller.rb:1:in `<main>'
Started GET "/articles/new" for 127.0.0.1 at 2019-03-02 20:18:44 -0500
  [1m[35m (0.2ms)[0m  [1m[34mSELECT "schema_migrations"."version" FROM "schema_migrations" ORDER BY "schema_migrations"."version" ASC[0m
  ↳ /Users/stephaniewillhide/.rbenv/versions/2.3.1/lib/ruby/gems/2.3.0/gems/activerecord-5.2.2/lib/active_record/log_subscriber.rb:98
  
RuntimeError (Circular dependency detected while autoloading constant ApplicationController):
  
app/controllers/application_controller.rb:1:in `<main>'
app/controllers/articles_controller.rb:1:in `<main>'
Started GET "/articles/new" for 127.0.0.1 at 2019-03-02 20:19:17 -0500
Processing by ArticlesController#new as HTML
  Rendering articles/new.html.erb within layouts/application
  Rendered articles/new.html.erb within layouts/application (4.9ms)
Completed 200 OK in 173ms (Views: 170.8ms | ActiveRecord: 0.0ms)


  [1m[35m (0.2ms)[0m  [1m[34mSELECT "schema_migrations"."version" FROM "schema_migrations" ORDER BY "schema_migrations"."version" ASC[0m
  ↳ bin/rails:9
  [1m[36mActiveRecord::InternalMetadata Load (0.9ms)[0m  [1m[34mSELECT  "ar_internal_metadata".* FROM "ar_internal_metadata" WHERE "ar_internal_metadata"."key" = ? LIMIT ?[0m  [["key", "environment"], ["LIMIT", 1]]
  ↳ bin/rails:9
  [1m[35m (0.1ms)[0m  [1m[36mbegin transaction[0m
  ↳ bin/rails:9
  [1m[35m (0.0ms)[0m  [1m[36mcommit transaction[0m
  ↳ bin/rails:9
  [1m[35m (0.1ms)[0m  [1m[34mSELECT "schema_migrations"."version" FROM "schema_migrations" ORDER BY "schema_migrations"."version" ASC[0m
  ↳ bin/rails:9
Started GET "/articles/new" for 127.0.0.1 at 2019-03-02 20:32:51 -0500
Processing by ArticlesController#new as HTML
  Rendering articles/new.html.erb within layouts/application
  Rendered articles/new.html.erb within layouts/application (1.3ms)
Completed 200 OK in 21ms (Views: 18.2ms | ActiveRecord: 0.0ms)


Started GET "/articles/new" for 127.0.0.1 at 2019-03-02 20:34:32 -0500
Processing by ArticlesController#new as HTML
  Rendering articles/new.html.erb within layouts/application
  Rendered articles/new.html.erb within layouts/application (1.4ms)
Completed 200 OK in 21ms (Views: 19.3ms | ActiveRecord: 0.0ms)


Started GET "/articles/new" for 127.0.0.1 at 2019-03-02 20:34:34 -0500
Processing by ArticlesController#new as HTML
  Rendering articles/new.html.erb within layouts/application
  Rendered articles/new.html.erb within layouts/application (1.3ms)
Completed 200 OK in 23ms (Views: 19.3ms | ActiveRecord: 0.0ms)


Started POST "/articles" for 127.0.0.1 at 2019-03-02 20:34:38 -0500
Processing by ArticlesController#create as HTML
  Parameters: {"utf8"=>"✓", "authenticity_token"=>"2lnglQmaB5ra3u4g64b+dz2MsN5E5UNlYoN7S/RLemuL4I1gh1xjLXz5bs5JDOstp2es1yKdWdull4nQhzQRMg==", "article"=>{"title"=>"sfdlkj", "text"=>"kljsfd"}, "commit"=>"Save Article"}
  [1m[35m (0.1ms)[0m  [1m[36mbegin transaction[0m
  ↳ app/controllers/articles_controller.rb:8
  [1m[36mArticle Create (1.6ms)[0m  [1m[32mINSERT INTO "articles" ("title", "text", "created_at", "updated_at") VALUES (?, ?, ?, ?)[0m  [["title", "sfdlkj"], ["text", "kljsfd"], ["created_at", "2019-03-03 01:34:38.303526"], ["updated_at", "2019-03-03 01:34:38.303526"]]
  ↳ app/controllers/articles_controller.rb:8
  [1m[35m (1.0ms)[0m  [1m[36mcommit transaction[0m
  ↳ app/controllers/articles_controller.rb:8
Redirected to http://localhost:3000/articles/1
Completed 302 Found in 22ms (ActiveRecord: 4.7ms)


Started GET "/articles/1" for 127.0.0.1 at 2019-03-02 20:34:38 -0500
  
AbstractController::ActionNotFound (The action 'show' could not be found for ArticlesController):
  
actionpack (5.2.2) lib/abstract_controller/base.rb:129:in `process'
actionview (5.2.2) lib/action_view/rendering.rb:32:in `process'
actionpack (5.2.2) lib/action_controller/metal.rb:191:in `dispatch'
actionpack (5.2.2) lib/action_controller/metal.rb:252:in `dispatch'
actionpack (5.2.2) lib/action_dispatch/routing/route_set.rb:52:in `dispatch'
actionpack (5.2.2) lib/action_dispatch/routing/route_set.rb:34:in `serve'
actionpack (5.2.2) lib/action_dispatch/journey/router.rb:52:in `block in serve'
actionpack (5.2.2) lib/action_dispatch/journey/router.rb:35:in `each'
actionpack (5.2.2) lib/action_dispatch/journey/router.rb:35:in `serve'
actionpack (5.2.2) lib/action_dispatch/routing/route_set.rb:840:in `call'
rack (2.0.6) lib/rack/tempfile_reaper.rb:15:in `call'
rack (2.0.6) lib/rack/etag.rb:25:in `call'
rack (2.0.6) lib/rack/conditional_get.rb:25:in `call'
rack (2.0.6) lib/rack/head.rb:12:in `call'
actionpack (5.2.2) lib/action_dispatch/http/content_security_policy.rb:18:in `call'
rack (2.0.6) lib/rack/session/abstract/id.rb:232:in `context'
rack (2.0.6) lib/rack/session/abstract/id.rb:226:in `call'
actionpack (5.2.2) lib/action_dispatch/middleware/cookies.rb:670:in `call'
activerecord (5.2.2) lib/active_record/migration.rb:559:in `call'
actionpack (5.2.2) lib/action_dispatch/middleware/callbacks.rb:28:in `block in call'
activesupport (5.2.2) lib/active_support/callbacks.rb:98:in `run_callbacks'
actionpack (5.2.2) lib/action_dispatch/middleware/callbacks.rb:26:in `call'
actionpack (5.2.2) lib/action_dispatch/middleware/executor.rb:14:in `call'
actionpack (5.2.2) lib/action_dispatch/middleware/debug_exceptions.rb:61:in `call'
web-console (3.7.0) lib/web_console/middleware.rb:135:in `call_app'
web-console (3.7.0) lib/web_console/middleware.rb:30:in `block in call'
web-console (3.7.0) lib/web_console/middleware.rb:20:in `catch'
web-console (3.7.0) lib/web_console/middleware.rb:20:in `call'
actionpack (5.2.2) lib/action_dispatch/middleware/show_exceptions.rb:33:in `call'
railties (5.2.2) lib/rails/rack/logger.rb:38:in `call_app'
railties (5.2.2) lib/rails/rack/logger.rb:26:in `block in call'
activesupport (5.2.2) lib/active_support/tagged_logging.rb:71:in `block in tagged'
activesupport (5.2.2) lib/active_support/tagged_logging.rb:28:in `tagged'
activesupport (5.2.2) lib/active_support/tagged_logging.rb:71:in `tagged'
railties (5.2.2) lib/rails/rack/logger.rb:26:in `call'
sprockets-rails (3.2.1) lib/sprockets/rails/quiet_assets.rb:13:in `call'
actionpack (5.2.2) lib/action_dispatch/middleware/remote_ip.rb:81:in `call'
actionpack (5.2.2) lib/action_dispatch/middleware/request_id.rb:27:in `call'
rack (2.0.6) lib/rack/method_override.rb:22:in `call'
rack (2.0.6) lib/rack/runtime.rb:22:in `call'
activesupport (5.2.2) lib/active_support/cache/strategy/local_cache_middleware.rb:29:in `call'
actionpack (5.2.2) lib/action_dispatch/middleware/executor.rb:14:in `call'
actionpack (5.2.2) lib/action_dispatch/middleware/static.rb:127:in `call'
rack (2.0.6) lib/rack/sendfile.rb:111:in `call'
railties (5.2.2) lib/rails/engine.rb:524:in `call'
puma (3.12.0) lib/puma/configuration.rb:225:in `call'
puma (3.12.0) lib/puma/server.rb:658:in `handle_request'
puma (3.12.0) lib/puma/server.rb:472:in `process_client'
puma (3.12.0) lib/puma/server.rb:332:in `block in run'
puma (3.12.0) lib/puma/thread_pool.rb:133:in `block in spawn_thread'
Started GET "/articles/" for 127.0.0.1 at 2019-03-02 20:37:36 -0500
  
AbstractController::ActionNotFound (The action 'index' could not be found for ArticlesController):
  
actionpack (5.2.2) lib/abstract_controller/base.rb:129:in `process'
actionview (5.2.2) lib/action_view/rendering.rb:32:in `process'
actionpack (5.2.2) lib/action_controller/metal.rb:191:in `dispatch'
actionpack (5.2.2) lib/action_controller/metal.rb:252:in `dispatch'
actionpack (5.2.2) lib/action_dispatch/routing/route_set.rb:52:in `dispatch'
actionpack (5.2.2) lib/action_dispatch/routing/route_set.rb:34:in `serve'
actionpack (5.2.2) lib/action_dispatch/journey/router.rb:52:in `block in serve'
actionpack (5.2.2) lib/action_dispatch/journey/router.rb:35:in `each'
actionpack (5.2.2) lib/action_dispatch/journey/router.rb:35:in `serve'
actionpack (5.2.2) lib/action_dispatch/routing/route_set.rb:840:in `call'
rack (2.0.6) lib/rack/tempfile_reaper.rb:15:in `call'
rack (2.0.6) lib/rack/etag.rb:25:in `call'
rack (2.0.6) lib/rack/conditional_get.rb:25:in `call'
rack (2.0.6) lib/rack/head.rb:12:in `call'
actionpack (5.2.2) lib/action_dispatch/http/content_security_policy.rb:18:in `call'
rack (2.0.6) lib/rack/session/abstract/id.rb:232:in `context'
rack (2.0.6) lib/rack/session/abstract/id.rb:226:in `call'
actionpack (5.2.2) lib/action_dispatch/middleware/cookies.rb:670:in `call'
activerecord (5.2.2) lib/active_record/migration.rb:559:in `call'
actionpack (5.2.2) lib/action_dispatch/middleware/callbacks.rb:28:in `block in call'
activesupport (5.2.2) lib/active_support/callbacks.rb:98:in `run_callbacks'
actionpack (5.2.2) lib/action_dispatch/middleware/callbacks.rb:26:in `call'
actionpack (5.2.2) lib/action_dispatch/middleware/executor.rb:14:in `call'
actionpack (5.2.2) lib/action_dispatch/middleware/debug_exceptions.rb:61:in `call'
web-console (3.7.0) lib/web_console/middleware.rb:135:in `call_app'
web-console (3.7.0) lib/web_console/middleware.rb:30:in `block in call'
web-console (3.7.0) lib/web_console/middleware.rb:20:in `catch'
web-console (3.7.0) lib/web_console/middleware.rb:20:in `call'
actionpack (5.2.2) lib/action_dispatch/middleware/show_exceptions.rb:33:in `call'
railties (5.2.2) lib/rails/rack/logger.rb:38:in `call_app'
railties (5.2.2) lib/rails/rack/logger.rb:26:in `block in call'
activesupport (5.2.2) lib/active_support/tagged_logging.rb:71:in `block in tagged'
activesupport (5.2.2) lib/active_support/tagged_logging.rb:28:in `tagged'
activesupport (5.2.2) lib/active_support/tagged_logging.rb:71:in `tagged'
railties (5.2.2) lib/rails/rack/logger.rb:26:in `call'
sprockets-rails (3.2.1) lib/sprockets/rails/quiet_assets.rb:13:in `call'
actionpack (5.2.2) lib/action_dispatch/middleware/remote_ip.rb:81:in `call'
actionpack (5.2.2) lib/action_dispatch/middleware/request_id.rb:27:in `call'
rack (2.0.6) lib/rack/method_override.rb:22:in `call'
rack (2.0.6) lib/rack/runtime.rb:22:in `call'
activesupport (5.2.2) lib/active_support/cache/strategy/local_cache_middleware.rb:29:in `call'
actionpack (5.2.2) lib/action_dispatch/middleware/executor.rb:14:in `call'
actionpack (5.2.2) lib/action_dispatch/middleware/static.rb:127:in `call'
rack (2.0.6) lib/rack/sendfile.rb:111:in `call'
railties (5.2.2) lib/rails/engine.rb:524:in `call'
puma (3.12.0) lib/puma/configuration.rb:225:in `call'
puma (3.12.0) lib/puma/server.rb:658:in `handle_request'
puma (3.12.0) lib/puma/server.rb:472:in `process_client'
puma (3.12.0) lib/puma/server.rb:332:in `block in run'
puma (3.12.0) lib/puma/thread_pool.rb:133:in `block in spawn_thread'
Started GET "/articles/new" for 127.0.0.1 at 2019-03-02 20:37:39 -0500
Processing by ArticlesController#new as HTML
  Rendering articles/new.html.erb within layouts/application
  Rendered articles/new.html.erb within layouts/application (1.3ms)
Completed 200 OK in 27ms (Views: 24.0ms | ActiveRecord: 0.0ms)


Started POST "/articles" for 127.0.0.1 at 2019-03-02 20:37:59 -0500
Processing by ArticlesController#create as HTML
  Parameters: {"utf8"=>"✓", "authenticity_token"=>"JQZCcsBA/K13zWThc0c9tlvhnf4OODeH7nQ6DHlPayN0vy+HToaYGtHq5A/RzSjswQqB92hALTkpYMiXCjAAeg==", "article"=>{"title"=>"My First Article", "text"=>"Greetings, this is my first article."}, "commit"=>"Save Article"}
  [1m[35m (0.1ms)[0m  [1m[36mbegin transaction[0m
  ↳ app/controllers/articles_controller.rb:12
  [1m[36mArticle Create (0.8ms)[0m  [1m[32mINSERT INTO "articles" ("title", "text", "created_at", "updated_at") VALUES (?, ?, ?, ?)[0m  [["title", "My First Article"], ["text", "Greetings, this is my first article."], ["created_at", "2019-03-03 01:37:59.198484"], ["updated_at", "2019-03-03 01:37:59.198484"]]
  ↳ app/controllers/articles_controller.rb:12
  [1m[35m (1.0ms)[0m  [1m[36mcommit transaction[0m
  ↳ app/controllers/articles_controller.rb:12
Redirected to http://localhost:3000/articles/2
Completed 302 Found in 16ms (ActiveRecord: 2.7ms)


Started GET "/articles/2" for 127.0.0.1 at 2019-03-02 20:37:59 -0500
Processing by ArticlesController#show as HTML
  Parameters: {"id"=>"2"}
  [1m[36mArticle Load (0.3ms)[0m  [1m[34mSELECT  "articles".* FROM "articles" WHERE "articles"."id" = ? LIMIT ?[0m  [["id", 2], ["LIMIT", 1]]
  ↳ app/controllers/articles_controller.rb:3
  Rendering articles/show.html.erb within layouts/application
  Rendered articles/show.html.erb within layouts/application (0.7ms)
Completed 200 OK in 32ms (Views: 26.1ms | ActiveRecord: 0.3ms)


Started GET "/articles/1" for 127.0.0.1 at 2019-03-02 20:38:05 -0500
Processing by ArticlesController#show as HTML
  Parameters: {"id"=>"1"}
  [1m[36mArticle Load (0.2ms)[0m  [1m[34mSELECT  "articles".* FROM "articles" WHERE "articles"."id" = ? LIMIT ?[0m  [["id", 1], ["LIMIT", 1]]
  ↳ app/controllers/articles_controller.rb:3
  Rendering articles/show.html.erb within layouts/application
  Rendered articles/show.html.erb within layouts/application (0.4ms)
Completed 200 OK in 24ms (Views: 20.4ms | ActiveRecord: 0.2ms)


Started GET "/articles/2" for 127.0.0.1 at 2019-03-02 20:38:10 -0500
Processing by ArticlesController#show as HTML
  Parameters: {"id"=>"2"}
  [1m[36mArticle Load (0.2ms)[0m  [1m[34mSELECT  "articles".* FROM "articles" WHERE "articles"."id" = ? LIMIT ?[0m  [["id", 2], ["LIMIT", 1]]
  ↳ app/controllers/articles_controller.rb:3
  Rendering articles/show.html.erb within layouts/application
  Rendered articles/show.html.erb within layouts/application (0.6ms)
Completed 200 OK in 31ms (Views: 27.2ms | ActiveRecord: 0.2ms)


Started GET "/articles/" for 127.0.0.1 at 2019-03-02 20:40:36 -0500
Processing by ArticlesController#index as HTML
  Rendering articles/index.html.erb within layouts/application
  [1m[36mArticle Load (0.2ms)[0m  [1m[34mSELECT "articles".* FROM "articles"[0m
  ↳ app/views/articles/index.html.erb:10
  Rendered articles/index.html.erb within layouts/application (8.3ms)
Completed 200 OK in 33ms (Views: 29.1ms | ActiveRecord: 1.0ms)


Started GET "/articles/1" for 127.0.0.1 at 2019-03-02 20:40:40 -0500
Processing by ArticlesController#show as HTML
  Parameters: {"id"=>"1"}
  [1m[36mArticle Load (0.8ms)[0m  [1m[34mSELECT  "articles".* FROM "articles" WHERE "articles"."id" = ? LIMIT ?[0m  [["id", 1], ["LIMIT", 1]]
  ↳ app/controllers/articles_controller.rb:7
  Rendering articles/show.html.erb within layouts/application
  Rendered articles/show.html.erb within layouts/application (0.5ms)
Completed 200 OK in 30ms (Views: 24.7ms | ActiveRecord: 0.8ms)


Started GET "/articles/2" for 127.0.0.1 at 2019-03-02 20:40:43 -0500
Processing by ArticlesController#show as HTML
  Parameters: {"id"=>"2"}
  [1m[36mArticle Load (0.2ms)[0m  [1m[34mSELECT  "articles".* FROM "articles" WHERE "articles"."id" = ? LIMIT ?[0m  [["id", 2], ["LIMIT", 1]]
  ↳ app/controllers/articles_controller.rb:7
  Rendering articles/show.html.erb within layouts/application
  Rendered articles/show.html.erb within layouts/application (0.5ms)
Completed 200 OK in 29ms (Views: 23.7ms | ActiveRecord: 0.2ms)


Started GET "/articles/new" for 127.0.0.1 at 2019-03-02 20:40:47 -0500
Processing by ArticlesController#new as HTML
  Rendering articles/new.html.erb within layouts/application
  Rendered articles/new.html.erb within layouts/application (1.7ms)
Completed 200 OK in 35ms (Views: 23.0ms | ActiveRecord: 0.0ms)


Started POST "/articles" for 127.0.0.1 at 2019-03-02 20:42:30 -0500
Processing by ArticlesController#create as HTML
  Parameters: {"utf8"=>"✓", "authenticity_token"=>"durZYo9xhA8XEkfEP8uOT1qRinjf69AyZJR/n9S9qlInU7SXAbfguLE1xyqdQZsVwHqWcbmTyoyjgI0Ep8LBCw==", "article"=>{"title"=>"It's working!!", "text"=>"We can finally see a list of all articles"}, "commit"=>"Save Article"}
  [1m[35m (0.1ms)[0m  [1m[36mbegin transaction[0m
  ↳ app/controllers/articles_controller.rb:16
  [1m[36mArticle Create (0.7ms)[0m  [1m[32mINSERT INTO "articles" ("title", "text", "created_at", "updated_at") VALUES (?, ?, ?, ?)[0m  [["title", "It's working!!"], ["text", "We can finally see a list of all articles"], ["created_at", "2019-03-03 01:42:30.600299"], ["updated_at", "2019-03-03 01:42:30.600299"]]
  ↳ app/controllers/articles_controller.rb:16
  [1m[35m (1.1ms)[0m  [1m[36mcommit transaction[0m
  ↳ app/controllers/articles_controller.rb:16
Redirected to http://localhost:3000/articles/3
Completed 302 Found in 8ms (ActiveRecord: 1.9ms)


Started GET "/articles/3" for 127.0.0.1 at 2019-03-02 20:42:30 -0500
Processing by ArticlesController#show as HTML
  Parameters: {"id"=>"3"}
  [1m[36mArticle Load (0.2ms)[0m  [1m[34mSELECT  "articles".* FROM "articles" WHERE "articles"."id" = ? LIMIT ?[0m  [["id", 3], ["LIMIT", 1]]
  ↳ app/controllers/articles_controller.rb:7
  Rendering articles/show.html.erb within layouts/application
  Rendered articles/show.html.erb within layouts/application (0.5ms)
Completed 200 OK in 28ms (Views: 25.2ms | ActiveRecord: 0.2ms)


Started GET "/articles/" for 127.0.0.1 at 2019-03-02 20:42:34 -0500
Processing by ArticlesController#index as HTML
  Rendering articles/index.html.erb within layouts/application
  [1m[36mArticle Load (0.2ms)[0m  [1m[34mSELECT "articles".* FROM "articles"[0m
  ↳ app/views/articles/index.html.erb:10
  Rendered articles/index.html.erb within layouts/application (1.7ms)
Completed 200 OK in 41ms (Views: 37.9ms | ActiveRecord: 0.2ms)


Started GET "/articles/1" for 127.0.0.1 at 2019-03-02 20:43:56 -0500
Processing by ArticlesController#show as HTML
  Parameters: {"id"=>"1"}
  [1m[36mArticle Load (0.1ms)[0m  [1m[34mSELECT  "articles".* FROM "articles" WHERE "articles"."id" = ? LIMIT ?[0m  [["id", 1], ["LIMIT", 1]]
  ↳ app/controllers/articles_controller.rb:7
  Rendering articles/show.html.erb within layouts/application
  Rendered articles/show.html.erb within layouts/application (1.6ms)
Completed 200 OK in 28ms (Views: 25.7ms | ActiveRecord: 0.1ms)


Started GET "/articles/2" for 127.0.0.1 at 2019-03-02 20:44:00 -0500
Processing by ArticlesController#show as HTML
  Parameters: {"id"=>"2"}
  [1m[36mArticle Load (0.2ms)[0m  [1m[34mSELECT  "articles".* FROM "articles" WHERE "articles"."id" = ? LIMIT ?[0m  [["id", 2], ["LIMIT", 1]]
  ↳ app/controllers/articles_controller.rb:7
  Rendering articles/show.html.erb within layouts/application
  Rendered articles/show.html.erb within layouts/application (0.4ms)
Completed 200 OK in 30ms (Views: 26.1ms | ActiveRecord: 0.2ms)


Started GET "/articles/new" for 127.0.0.1 at 2019-03-02 20:44:05 -0500
Processing by ArticlesController#new as HTML
  Rendering articles/new.html.erb within layouts/application
  Rendered articles/new.html.erb within layouts/application (1.9ms)
Completed 200 OK in 34ms (Views: 30.6ms | ActiveRecord: 0.0ms)


Started POST "/articles" for 127.0.0.1 at 2019-03-02 20:44:28 -0500
Processing by ArticlesController#create as HTML
  Parameters: {"utf8"=>"✓", "authenticity_token"=>"S0GFqgjWUrAxRCmX4ds+y0k0p847RC11arXs1SwIrg8a+OhfhhA2B5djqXlDUSuR09+7x108N8utoR5OX3fFVg==", "article"=>{"title"=>"Question from Aaron", "text"=>"Can you edit the article? A: No, not yet."}, "commit"=>"Save Article"}
  [1m[35m (0.4ms)[0m  [1m[36mbegin transaction[0m
  ↳ app/controllers/articles_controller.rb:16
  [1m[36mArticle Create (0.7ms)[0m  [1m[32mINSERT INTO "articles" ("title", "text", "created_at", "updated_at") VALUES (?, ?, ?, ?)[0m  [["title", "Question from Aaron"], ["text", "Can you edit the article? A: No, not yet."], ["created_at", "2019-03-03 01:44:28.059452"], ["updated_at", "2019-03-03 01:44:28.059452"]]
  ↳ app/controllers/articles_controller.rb:16
  [1m[35m (1.1ms)[0m  [1m[36mcommit transaction[0m
  ↳ app/controllers/articles_controller.rb:16
Redirected to http://localhost:3000/articles/4
Completed 302 Found in 8ms (ActiveRecord: 2.2ms)


Started GET "/articles/4" for 127.0.0.1 at 2019-03-02 20:44:28 -0500
Processing by ArticlesController#show as HTML
  Parameters: {"id"=>"4"}
  [1m[36mArticle Load (0.3ms)[0m  [1m[34mSELECT  "articles".* FROM "articles" WHERE "articles"."id" = ? LIMIT ?[0m  [["id", 4], ["LIMIT", 1]]
  ↳ app/controllers/articles_controller.rb:7
  Rendering articles/show.html.erb within layouts/application
  Rendered articles/show.html.erb within layouts/application (0.8ms)
Completed 200 OK in 27ms (Views: 23.4ms | ActiveRecord: 0.3ms)


Started GET "/articles/" for 127.0.0.1 at 2019-03-02 20:44:33 -0500
Processing by ArticlesController#index as HTML
  Rendering articles/index.html.erb within layouts/application
  [1m[36mArticle Load (0.2ms)[0m  [1m[34mSELECT "articles".* FROM "articles"[0m
  ↳ app/views/articles/index.html.erb:10
  Rendered articles/index.html.erb within layouts/application (1.9ms)
Completed 200 OK in 33ms (Views: 29.6ms | ActiveRecord: 0.2ms)


Started GET "/articles/" for 127.0.0.1 at 2019-03-02 21:02:38 -0500
Processing by ArticlesController#index as HTML
  Rendering articles/index.html.erb within layouts/application
  [1m[36mArticle Load (0.2ms)[0m  [1m[34mSELECT "articles".* FROM "articles"[0m
  ↳ app/views/articles/index.html.erb:10
  Rendered articles/index.html.erb within layouts/application (1.9ms)
Completed 200 OK in 27ms (Views: 24.6ms | ActiveRecord: 0.4ms)


Started GET "/" for 127.0.0.1 at 2019-03-02 21:02:42 -0500
Processing by WelcomeController#index as HTML
  Rendering welcome/index.html.erb within layouts/application
  Rendered welcome/index.html.erb within layouts/application (0.8ms)
Completed 200 OK in 28ms (Views: 25.7ms | ActiveRecord: 0.0ms)


Started GET "/articles" for 127.0.0.1 at 2019-03-02 21:02:44 -0500
Processing by ArticlesController#index as HTML
  Rendering articles/index.html.erb within layouts/application
  [1m[36mArticle Load (0.3ms)[0m  [1m[34mSELECT "articles".* FROM "articles"[0m
  ↳ app/views/articles/index.html.erb:10
  Rendered articles/index.html.erb within layouts/application (3.8ms)
Completed 200 OK in 30ms (Views: 27.8ms | ActiveRecord: 0.6ms)


Started GET "/articles" for 127.0.0.1 at 2019-03-02 21:03:22 -0500
Processing by ArticlesController#index as HTML
  Rendering articles/index.html.erb within layouts/application
  [1m[36mArticle Load (0.2ms)[0m  [1m[34mSELECT "articles".* FROM "articles"[0m
  ↳ app/views/articles/index.html.erb:12
  Rendered articles/index.html.erb within layouts/application (1.9ms)
Completed 200 OK in 24ms (Views: 21.9ms | ActiveRecord: 0.2ms)


Started GET "/articles/new" for 127.0.0.1 at 2019-03-02 21:03:24 -0500
Processing by ArticlesController#new as HTML
  Rendering articles/new.html.erb within layouts/application
  Rendered articles/new.html.erb within layouts/application (1.6ms)
Completed 200 OK in 32ms (Views: 27.9ms | ActiveRecord: 0.0ms)


Started GET "/articles/new" for 127.0.0.1 at 2019-03-02 21:03:56 -0500
Processing by ArticlesController#new as HTML
  Rendering articles/new.html.erb within layouts/application
  Rendered articles/new.html.erb within layouts/application (1.3ms)
Completed 200 OK in 25ms (Views: 21.3ms | ActiveRecord: 0.0ms)


Started GET "/articles" for 127.0.0.1 at 2019-03-02 21:03:57 -0500
Processing by ArticlesController#index as HTML
  Rendering articles/index.html.erb within layouts/application
  [1m[36mArticle Load (0.2ms)[0m  [1m[34mSELECT "articles".* FROM "articles"[0m
  ↳ app/views/articles/index.html.erb:12
  Rendered articles/index.html.erb within layouts/application (3.0ms)
Completed 200 OK in 47ms (Views: 43.2ms | ActiveRecord: 0.5ms)


Started GET "/" for 127.0.0.1 at 2019-03-02 22:14:05 -0500
  [1m[35m (0.2ms)[0m  [1m[34mSELECT "schema_migrations"."version" FROM "schema_migrations" ORDER BY "schema_migrations"."version" ASC[0m
  ↳ /Users/stephaniewillhide/.rbenv/versions/2.3.1/lib/ruby/gems/2.3.0/gems/activerecord-5.2.2/lib/active_record/log_subscriber.rb:98
Processing by WelcomeController#index as HTML
  Rendering welcome/index.html.erb within layouts/application
  Rendered welcome/index.html.erb within layouts/application (2.1ms)
Completed 200 OK in 215ms (Views: 205.0ms | ActiveRecord: 0.0ms)


Started GET "/articles" for 127.0.0.1 at 2019-03-02 22:14:26 -0500
Processing by ArticlesController#index as HTML
  Rendering articles/index.html.erb within layouts/application
  [1m[36mArticle Load (0.3ms)[0m  [1m[34mSELECT "articles".* FROM "articles"[0m
  ↳ app/views/articles/index.html.erb:12
  Rendered articles/index.html.erb within layouts/application (9.6ms)
Completed 200 OK in 36ms (Views: 27.9ms | ActiveRecord: 1.2ms)


Started GET "/articles" for 127.0.0.1 at 2019-03-02 22:14:29 -0500
Processing by ArticlesController#index as HTML
  Rendering articles/index.html.erb within layouts/application
  [1m[36mArticle Load (0.2ms)[0m  [1m[34mSELECT "articles".* FROM "articles"[0m
  ↳ app/views/articles/index.html.erb:12
  Rendered articles/index.html.erb within layouts/application (3.3ms)
Completed 200 OK in 34ms (Views: 29.2ms | ActiveRecord: 0.2ms)


Started GET "/articles/" for 127.0.0.1 at 2019-03-02 22:16:24 -0500
Processing by ArticlesController#index as HTML
  Rendering articles/index.html.erb within layouts/application
  [1m[36mArticle Load (0.2ms)[0m  [1m[34mSELECT "articles".* FROM "articles"[0m
  ↳ app/views/articles/index.html.erb:12
  Rendered articles/index.html.erb within layouts/application (7.8ms)
Completed 200 OK in 41ms (Views: 30.0ms | ActiveRecord: 0.6ms)


Started GET "/articles/new" for 127.0.0.1 at 2019-03-02 22:16:27 -0500
Processing by ArticlesController#new as HTML
  Rendering articles/new.html.erb within layouts/application
  Rendered articles/new.html.erb within layouts/application (12.6ms)
Completed 200 OK in 40ms (Views: 37.7ms | ActiveRecord: 0.0ms)


Started POST "/articles" for 127.0.0.1 at 2019-03-02 22:16:36 -0500
Processing by ArticlesController#create as HTML
  Parameters: {"utf8"=>"✓", "authenticity_token"=>"Vy4EjXhzQhjeRI04vN1cKPbfgMX6MoJBN0yEt93lOQkeCFSws0yRiY9/F0PD7YWTjphoL+Un3Pwf6pG63S4aBQ==", "article"=>{"title"=>"T", "text"=>"T"}, "commit"=>"Save Article"}
  [1m[35m (0.1ms)[0m  [1m[36mbegin transaction[0m
  ↳ app/controllers/articles_controller.rb:17
  [1m[35m (0.1ms)[0m  [1m[31mrollback transaction[0m
  ↳ app/controllers/articles_controller.rb:17
  Rendering articles/new.html.erb within layouts/application
  Rendered articles/new.html.erb within layouts/application (4.3ms)
Completed 200 OK in 49ms (Views: 40.2ms | ActiveRecord: 0.2ms)


Started POST "/articles" for 127.0.0.1 at 2019-03-02 22:16:45 -0500
Processing by ArticlesController#create as HTML
  Parameters: {"utf8"=>"✓", "authenticity_token"=>"WVDrxWSBmRTMfZss7RMD9SkKGGGHi8RJ+rn6P5Z+3GII6YYw6kf9o2paG8JPmRavs+EEaOHz3vc9rQik5QG3Ow==", "article"=>{"title"=>"SW", "text"=>"T"}, "commit"=>"Save Article"}
  [1m[35m (0.1ms)[0m  [1m[36mbegin transaction[0m
  ↳ app/controllers/articles_controller.rb:17
  [1m[35m (0.1ms)[0m  [1m[31mrollback transaction[0m
  ↳ app/controllers/articles_controller.rb:17
  Rendering articles/new.html.erb within layouts/application
  Rendered articles/new.html.erb within layouts/application (4.4ms)
Completed 200 OK in 46ms (Views: 39.7ms | ActiveRecord: 0.2ms)


Started POST "/articles" for 127.0.0.1 at 2019-03-02 22:16:46 -0500
Processing by ArticlesController#create as HTML
  Parameters: {"utf8"=>"✓", "authenticity_token"=>"pyRsW3uhizNblyHms62MqkcB7cXD0tILa/oU8BEivY/2nQGu9WfvhP2woQgRJ5nw3erxzKWqyLWs7uZrYl3W1g==", "article"=>{"title"=>"SW", "text"=>"T"}, "commit"=>"Save Article"}
  [1m[35m (0.2ms)[0m  [1m[36mbegin transaction[0m
  ↳ app/controllers/articles_controller.rb:17
  [1m[35m (0.1ms)[0m  [1m[31mrollback transaction[0m
  ↳ app/controllers/articles_controller.rb:17
  Rendering articles/new.html.erb within layouts/application
  Rendered articles/new.html.erb within layouts/application (2.1ms)
Completed 200 OK in 34ms (Views: 28.3ms | ActiveRecord: 0.2ms)


Started POST "/articles" for 127.0.0.1 at 2019-03-02 22:17:21 -0500
Processing by ArticlesController#create as HTML
  Parameters: {"utf8"=>"✓", "authenticity_token"=>"XkKEteS4/wo5Uql6puR3ZuuWY+Jgmz1J3RFfU6v5+7wP++lAan6bvZ91KZQEbmI8cX1/6wbjJ/caBa3I2IaQ5Q==", "article"=>{"title"=>"A new length requirement", "text"=>"Now I can't get away with short ones"}, "commit"=>"Save Article"}
  [1m[35m (0.1ms)[0m  [1m[36mbegin transaction[0m
  ↳ app/controllers/articles_controller.rb:17
  [1m[36mArticle Create (0.7ms)[0m  [1m[32mINSERT INTO "articles" ("title", "text", "created_at", "updated_at") VALUES (?, ?, ?, ?)[0m  [["title", "A new length requirement"], ["text", "Now I can't get away with short ones"], ["created_at", "2019-03-03 03:17:21.329023"], ["updated_at", "2019-03-03 03:17:21.329023"]]
  ↳ app/controllers/articles_controller.rb:17
  [1m[35m (1.4ms)[0m  [1m[36mcommit transaction[0m
  ↳ app/controllers/articles_controller.rb:17
Redirected to http://localhost:3000/articles/5
Completed 302 Found in 8ms (ActiveRecord: 2.2ms)


Started GET "/articles/5" for 127.0.0.1 at 2019-03-02 22:17:21 -0500
Processing by ArticlesController#show as HTML
  Parameters: {"id"=>"5"}
  [1m[36mArticle Load (0.3ms)[0m  [1m[34mSELECT  "articles".* FROM "articles" WHERE "articles"."id" = ? LIMIT ?[0m  [["id", 5], ["LIMIT", 1]]
  ↳ app/controllers/articles_controller.rb:7
  Rendering articles/show.html.erb within layouts/application
  Rendered articles/show.html.erb within layouts/application (0.8ms)
Completed 200 OK in 49ms (Views: 33.0ms | ActiveRecord: 0.5ms)


Started GET "/articles" for 127.0.0.1 at 2019-03-02 22:17:23 -0500
Processing by ArticlesController#index as HTML
  Rendering articles/index.html.erb within layouts/application
  [1m[36mArticle Load (0.5ms)[0m  [1m[34mSELECT "articles".* FROM "articles"[0m
  ↳ app/views/articles/index.html.erb:12
  Rendered articles/index.html.erb within layouts/application (3.3ms)
Completed 200 OK in 40ms (Views: 34.7ms | ActiveRecord: 0.5ms)


Started GET "/articles/new" for 127.0.0.1 at 2019-03-03 23:03:52 -0500
Processing by ArticlesController#new as HTML
  Rendering articles/new.html.erb within layouts/application
  Rendered articles/new.html.erb within layouts/application (12.8ms)
Completed 200 OK in 139ms (Views: 56.6ms | ActiveRecord: 0.0ms)


Started POST "/articles" for 127.0.0.1 at 2019-03-03 23:04:00 -0500
Processing by ArticlesController#create as HTML
  Parameters: {"utf8"=>"✓", "authenticity_token"=>"RvawlawrPYtyPoWJi3v6kuBwL6RfG9mthiFh2wpCTFkP0OCoZxTuGiMFH/L0SyMpmDfHTkAOhxCuh3TWColvVQ==", "article"=>{"title"=>"", "text"=>"LOL"}, "commit"=>"Save Article"}
  [1m[35m (0.1ms)[0m  [1m[36mbegin transaction[0m
  ↳ app/controllers/articles_controller.rb:17
  [1m[35m (0.1ms)[0m  [1m[31mrollback transaction[0m
  ↳ app/controllers/articles_controller.rb:17
  Rendering articles/new.html.erb within layouts/application
  Rendered articles/new.html.erb within layouts/application (6.1ms)
Completed 200 OK in 46ms (Views: 31.1ms | ActiveRecord: 0.2ms)


Started GET "/articles" for 127.0.0.1 at 2019-03-03 23:08:38 -0500
Processing by ArticlesController#index as HTML
  Rendering articles/index.html.erb within layouts/application
  [1m[36mArticle Load (0.2ms)[0m  [1m[34mSELECT "articles".* FROM "articles"[0m
  ↳ app/views/articles/index.html.erb:12
  Rendered articles/index.html.erb within layouts/application (12.4ms)
Completed 200 OK in 42ms (Views: 34.5ms | ActiveRecord: 1.0ms)


Started GET "/articles/4/edit" for 127.0.0.1 at 2019-03-03 23:08:42 -0500
Processing by ArticlesController#edit as HTML
  Parameters: {"id"=>"4"}
  [1m[36mArticle Load (0.3ms)[0m  [1m[34mSELECT  "articles".* FROM "articles" WHERE "articles"."id" = ? LIMIT ?[0m  [["id", 4], ["LIMIT", 1]]
  ↳ app/controllers/articles_controller.rb:15
  Rendering articles/edit.html.erb within layouts/application
  Rendered articles/edit.html.erb within layouts/application (6.5ms)
Completed 200 OK in 50ms (Views: 43.0ms | ActiveRecord: 0.3ms)


Started PATCH "/articles/4" for 127.0.0.1 at 2019-03-03 23:08:48 -0500
Processing by ArticlesController#update as HTML
  Parameters: {"utf8"=>"✓", "authenticity_token"=>"8u599LJprq1sGWNuGcFzkvitv4dJFoNbOxd89qtEILdYZT0AtQg4J2Du6nxMn0Hhw7RlolVZL4Hh0NLNj/n1sQ==", "article"=>{"title"=>"Question from Aaron", "text"=>"Can you edit the article? A: No, not yet. edit: yes we can"}, "commit"=>"Update Article", "id"=>"4"}
  [1m[36mArticle Load (0.3ms)[0m  [1m[34mSELECT  "articles".* FROM "articles" WHERE "articles"."id" = ? LIMIT ?[0m  [["id", 4], ["LIMIT", 1]]
  ↳ app/controllers/articles_controller.rb:29
  [1m[35m (0.1ms)[0m  [1m[36mbegin transaction[0m
  ↳ app/controllers/articles_controller.rb:31
  [1m[36mArticle Update (0.4ms)[0m  [1m[33mUPDATE "articles" SET "text" = ?, "updated_at" = ? WHERE "articles"."id" = ?[0m  [["text", "Can you edit the article? A: No, not yet. edit: yes we can"], ["updated_at", "2019-03-04 04:08:48.376562"], ["id", 4]]
  ↳ app/controllers/articles_controller.rb:31
  [1m[35m (1.6ms)[0m  [1m[36mcommit transaction[0m
  ↳ app/controllers/articles_controller.rb:31
Redirected to http://localhost:3000/articles/4
Completed 302 Found in 14ms (ActiveRecord: 2.3ms)


Started GET "/articles/4" for 127.0.0.1 at 2019-03-03 23:08:48 -0500
Processing by ArticlesController#show as HTML
  Parameters: {"id"=>"4"}
  [1m[36mArticle Load (0.2ms)[0m  [1m[34mSELECT  "articles".* FROM "articles" WHERE "articles"."id" = ? LIMIT ?[0m  [["id", 4], ["LIMIT", 1]]
  ↳ app/controllers/articles_controller.rb:7
  Rendering articles/show.html.erb within layouts/application
  Rendered articles/show.html.erb within layouts/application (1.1ms)
Completed 200 OK in 31ms (Views: 27.4ms | ActiveRecord: 0.2ms)


Started GET "/articles" for 127.0.0.1 at 2019-03-03 23:08:50 -0500
Processing by ArticlesController#index as HTML
  Rendering articles/index.html.erb within layouts/application
  [1m[36mArticle Load (0.4ms)[0m  [1m[34mSELECT "articles".* FROM "articles"[0m
  ↳ app/views/articles/index.html.erb:12
  Rendered articles/index.html.erb within layouts/application (5.7ms)
Completed 200 OK in 36ms (Views: 31.7ms | ActiveRecord: 0.4ms)


Started GET "/articles/new" for 127.0.0.1 at 2019-03-03 23:13:58 -0500
Processing by ArticlesController#new as HTML
  Rendering articles/new.html.erb within layouts/application
  Rendered articles/new.html.erb within layouts/application (5.0ms)
Completed 200 OK in 39ms (Views: 33.1ms | ActiveRecord: 0.0ms)


Started GET "/articles" for 127.0.0.1 at 2019-03-03 23:14:04 -0500
Processing by ArticlesController#index as HTML
  Rendering articles/index.html.erb within layouts/application
  [1m[36mArticle Load (0.2ms)[0m  [1m[34mSELECT "articles".* FROM "articles"[0m
  ↳ app/views/articles/index.html.erb:12
  Rendered articles/index.html.erb within layouts/application (3.0ms)
Completed 200 OK in 43ms (Views: 39.5ms | ActiveRecord: 0.2ms)


Started GET "/articles/4/edit" for 127.0.0.1 at 2019-03-03 23:14:13 -0500
Processing by ArticlesController#edit as HTML
  Parameters: {"id"=>"4"}
  [1m[36mArticle Load (0.2ms)[0m  [1m[34mSELECT  "articles".* FROM "articles" WHERE "articles"."id" = ? LIMIT ?[0m  [["id", 4], ["LIMIT", 1]]
  ↳ app/controllers/articles_controller.rb:15
  Rendering articles/edit.html.erb within layouts/application
  Rendered articles/edit.html.erb within layouts/application (3.9ms)
Completed 200 OK in 33ms (Views: 30.5ms | ActiveRecord: 0.2ms)


Started GET "/articles" for 127.0.0.1 at 2019-03-03 23:14:22 -0500
Processing by ArticlesController#index as HTML
  Rendering articles/index.html.erb within layouts/application
  [1m[36mArticle Load (0.3ms)[0m  [1m[34mSELECT "articles".* FROM "articles"[0m
  ↳ app/views/articles/index.html.erb:12
  Rendered articles/index.html.erb within layouts/application (4.5ms)
Completed 200 OK in 39ms (Views: 32.3ms | ActiveRecord: 0.3ms)


Started GET "/articles" for 127.0.0.1 at 2019-03-03 23:20:01 -0500
Processing by ArticlesController#index as HTML
  Rendering articles/index.html.erb within layouts/application
  [1m[36mArticle Load (0.2ms)[0m  [1m[34mSELECT "articles".* FROM "articles"[0m
  ↳ app/views/articles/index.html.erb:10
  Rendered articles/index.html.erb within layouts/application (7.0ms)
Completed 200 OK in 30ms (Views: 24.8ms | ActiveRecord: 0.7ms)


Started DELETE "/articles/1" for 127.0.0.1 at 2019-03-03 23:20:06 -0500
Processing by ArticlesController#destroy as HTML
  Parameters: {"authenticity_token"=>"8pK6TSyvFzoSwXB7S8Hs8yW9AspNgXWqtvZ8fN/9mqqjK9e4omlzjbTm8JXpS/mpv1Yewyv5bxRx4o7nrILx8w==", "id"=>"1"}
  [1m[36mArticle Load (0.2ms)[0m  [1m[34mSELECT  "articles".* FROM "articles" WHERE "articles"."id" = ? LIMIT ?[0m  [["id", 1], ["LIMIT", 1]]
  ↳ app/controllers/articles_controller.rb:39
  [1m[35m (0.1ms)[0m  [1m[36mbegin transaction[0m
  ↳ app/controllers/articles_controller.rb:40
  [1m[36mArticle Destroy (0.4ms)[0m  [1m[31mDELETE FROM "articles" WHERE "articles"."id" = ?[0m  [["id", 1]]
  ↳ app/controllers/articles_controller.rb:40
  [1m[35m (2.3ms)[0m  [1m[36mcommit transaction[0m
  ↳ app/controllers/articles_controller.rb:40
Redirected to http://localhost:3000/articles
Completed 302 Found in 8ms (ActiveRecord: 3.2ms)


Started GET "/articles" for 127.0.0.1 at 2019-03-03 23:20:06 -0500
Processing by ArticlesController#index as HTML
  Rendering articles/index.html.erb within layouts/application
  [1m[36mArticle Load (0.2ms)[0m  [1m[34mSELECT "articles".* FROM "articles"[0m
  ↳ app/views/articles/index.html.erb:10
  Rendered articles/index.html.erb within layouts/application (1.9ms)
Completed 200 OK in 23ms (Views: 20.7ms | ActiveRecord: 0.2ms)


  [1m[35m (0.1ms)[0m  [1m[34mSELECT "schema_migrations"."version" FROM "schema_migrations" ORDER BY "schema_migrations"."version" ASC[0m
  ↳ bin/rails:9
Migrating to CreateComments (20190304042110)
  [1m[35m (0.0ms)[0m  [1m[36mbegin transaction[0m
  ↳ bin/rails:9
  [1m[35m (0.1ms)[0m  [1m[34mSELECT sqlite_version(*)[0m
  ↳ db/migrate/20190304042110_create_comments.rb:3
  [1m[35m (0.4ms)[0m  [1m[35mCREATE TABLE "comments" ("id" integer PRIMARY KEY AUTOINCREMENT NOT NULL, "commenter" varchar, "body" text, "article_id" integer, "created_at" datetime NOT NULL, "updated_at" datetime NOT NULL, CONSTRAINT "fk_rails_3bf61a60d3"
FOREIGN KEY ("article_id")
  REFERENCES "articles" ("id")
)[0m
  ↳ db/migrate/20190304042110_create_comments.rb:3
  [1m[35m (0.1ms)[0m  [1m[35mCREATE  INDEX "index_comments_on_article_id" ON "comments" ("article_id")[0m
  ↳ db/migrate/20190304042110_create_comments.rb:3
  [1m[36mActiveRecord::SchemaMigration Create (0.2ms)[0m  [1m[32mINSERT INTO "schema_migrations" ("version") VALUES (?)[0m  [["version", "20190304042110"]]
  ↳ bin/rails:9
  [1m[35m (1.3ms)[0m  [1m[36mcommit transaction[0m
  ↳ bin/rails:9
  [1m[36mActiveRecord::InternalMetadata Load (0.1ms)[0m  [1m[34mSELECT  "ar_internal_metadata".* FROM "ar_internal_metadata" WHERE "ar_internal_metadata"."key" = ? LIMIT ?[0m  [["key", "environment"], ["LIMIT", 1]]
  ↳ bin/rails:9
  [1m[35m (0.0ms)[0m  [1m[36mbegin transaction[0m
  ↳ bin/rails:9
  [1m[35m (0.0ms)[0m  [1m[36mcommit transaction[0m
  ↳ bin/rails:9
  [1m[35m (0.1ms)[0m  [1m[34mSELECT "schema_migrations"."version" FROM "schema_migrations" ORDER BY "schema_migrations"."version" ASC[0m
  ↳ bin/rails:9
Started GET "/articles" for 127.0.0.1 at 2019-03-03 23:30:25 -0500
  [1m[35m (0.1ms)[0m  [1m[34mSELECT "schema_migrations"."version" FROM "schema_migrations" ORDER BY "schema_migrations"."version" ASC[0m
  ↳ /Users/stephaniewillhide/.rbenv/versions/2.3.1/lib/ruby/gems/2.3.0/gems/activerecord-5.2.2/lib/active_record/log_subscriber.rb:98
Processing by ArticlesController#index as HTML
  Rendering articles/index.html.erb within layouts/application
  [1m[36mArticle Load (0.2ms)[0m  [1m[34mSELECT "articles".* FROM "articles"[0m
  ↳ app/views/articles/index.html.erb:10
  Rendered articles/index.html.erb within layouts/application (6.5ms)
Completed 200 OK in 77ms (Views: 65.3ms | ActiveRecord: 0.6ms)


Started GET "/articles/2" for 127.0.0.1 at 2019-03-03 23:30:28 -0500
Processing by ArticlesController#show as HTML
  Parameters: {"id"=>"2"}
  [1m[36mArticle Load (1.7ms)[0m  [1m[34mSELECT  "articles".* FROM "articles" WHERE "articles"."id" = ? LIMIT ?[0m  [["id", 2], ["LIMIT", 1]]
  ↳ app/controllers/articles_controller.rb:7
  Rendering articles/show.html.erb within layouts/application
  [1m[36mComment Load (0.1ms)[0m  [1m[34mSELECT "comments".* FROM "comments" WHERE "comments"."article_id" = ?[0m  [["article_id", 2]]
  ↳ app/views/articles/show.html.erb:12
  Rendered articles/show.html.erb within layouts/application (44.1ms)
Completed 200 OK in 74ms (Views: 65.3ms | ActiveRecord: 2.4ms)


Started POST "/articles/2/comments" for 127.0.0.1 at 2019-03-03 23:30:30 -0500
Processing by CommentsController#create as HTML
  Parameters: {"utf8"=>"✓", "authenticity_token"=>"IZavoaRxSFLBHacqQDfuiLv5Ee9FmTMu8EA8xgD8TMdORwpSZV9izzXeqyLARYDuPXfSLMTPklclv/zebymkhA==", "comment"=>{"commenter"=>"", "body"=>""}, "commit"=>"Create Comment", "article_id"=>"2"}
  [1m[36mArticle Load (0.2ms)[0m  [1m[34mSELECT  "articles".* FROM "articles" WHERE "articles"."id" = ? LIMIT ?[0m  [["id", 2], ["LIMIT", 1]]
  ↳ app/controllers/comments_controller.rb:3
  [1m[35m (0.1ms)[0m  [1m[36mbegin transaction[0m
  ↳ app/controllers/comments_controller.rb:4
  [1m[36mComment Create (0.8ms)[0m  [1m[32mINSERT INTO "comments" ("commenter", "body", "article_id", "created_at", "updated_at") VALUES (?, ?, ?, ?, ?)[0m  [["commenter", ""], ["body", ""], ["article_id", 2], ["created_at", "2019-03-04 04:30:30.253793"], ["updated_at", "2019-03-04 04:30:30.253793"]]
  ↳ app/controllers/comments_controller.rb:4
  [1m[35m (1.2ms)[0m  [1m[36mcommit transaction[0m
  ↳ app/controllers/comments_controller.rb:4
Redirected to http://localhost:3000/articles/2
Completed 302 Found in 12ms (ActiveRecord: 2.3ms)


Started GET "/articles/2" for 127.0.0.1 at 2019-03-03 23:30:30 -0500
Processing by ArticlesController#show as HTML
  Parameters: {"id"=>"2"}
  [1m[36mArticle Load (0.2ms)[0m  [1m[34mSELECT  "articles".* FROM "articles" WHERE "articles"."id" = ? LIMIT ?[0m  [["id", 2], ["LIMIT", 1]]
  ↳ app/controllers/articles_controller.rb:7
  Rendering articles/show.html.erb within layouts/application
  [1m[36mComment Load (0.1ms)[0m  [1m[34mSELECT "comments".* FROM "comments" WHERE "comments"."article_id" = ?[0m  [["article_id", 2]]
  ↳ app/views/articles/show.html.erb:12
  Rendered articles/show.html.erb within layouts/application (3.4ms)
Completed 200 OK in 30ms (Views: 24.9ms | ActiveRecord: 0.3ms)


Started POST "/articles/2/comments" for 127.0.0.1 at 2019-03-03 23:30:46 -0500
Processing by CommentsController#create as HTML
  Parameters: {"utf8"=>"✓", "authenticity_token"=>"+6MivtIXiFOUGHlFOqNXTD/xfMp4tmp9dgcaAcOLu76qGk9LXNHs5DI/+auYKUIWpRpgwx7OcMOxE+iasPTQ5w==", "comment"=>{"commenter"=>"Steph", "body"=>"This is my first comment"}, "commit"=>"Create Comment", "article_id"=>"2"}
  [1m[36mArticle Load (0.3ms)[0m  [1m[34mSELECT  "articles".* FROM "articles" WHERE "articles"."id" = ? LIMIT ?[0m  [["id", 2], ["LIMIT", 1]]
  ↳ app/controllers/comments_controller.rb:3
  [1m[35m (0.1ms)[0m  [1m[36mbegin transaction[0m
  ↳ app/controllers/comments_controller.rb:4
  [1m[36mComment Create (0.6ms)[0m  [1m[32mINSERT INTO "comments" ("commenter", "body", "article_id", "created_at", "updated_at") VALUES (?, ?, ?, ?, ?)[0m  [["commenter", "Steph"], ["body", "This is my first comment"], ["article_id", 2], ["created_at", "2019-03-04 04:30:46.842158"], ["updated_at", "2019-03-04 04:30:46.842158"]]
  ↳ app/controllers/comments_controller.rb:4
  [1m[35m (1.8ms)[0m  [1m[36mcommit transaction[0m
  ↳ app/controllers/comments_controller.rb:4
Redirected to http://localhost:3000/articles/2
Completed 302 Found in 9ms (ActiveRecord: 2.8ms)


Started GET "/articles/2" for 127.0.0.1 at 2019-03-03 23:30:46 -0500
Processing by ArticlesController#show as HTML
  Parameters: {"id"=>"2"}
  [1m[36mArticle Load (0.2ms)[0m  [1m[34mSELECT  "articles".* FROM "articles" WHERE "articles"."id" = ? LIMIT ?[0m  [["id", 2], ["LIMIT", 1]]
  ↳ app/controllers/articles_controller.rb:7
  Rendering articles/show.html.erb within layouts/application
  [1m[36mComment Load (0.2ms)[0m  [1m[34mSELECT "comments".* FROM "comments" WHERE "comments"."article_id" = ?[0m  [["article_id", 2]]
  ↳ app/views/articles/show.html.erb:12
  Rendered articles/show.html.erb within layouts/application (5.6ms)
Completed 200 OK in 33ms (Views: 29.5ms | ActiveRecord: 0.4ms)


Started POST "/articles/2/comments" for 127.0.0.1 at 2019-03-03 23:31:04 -0500
Processing by CommentsController#create as HTML
  Parameters: {"utf8"=>"✓", "authenticity_token"=>"MQGqNnP2M9y108WjMlwjsndv2KiTPnyBbx9D71qq2TtguMfD/TBXaxP0RU2Q1jbo7YTEofVGZj+oC7F0KdWyYg==", "comment"=>{"commenter"=>"Steph", "body"=>"Another comment"}, "commit"=>"Create Comment", "article_id"=>"2"}
  [1m[36mArticle Load (0.3ms)[0m  [1m[34mSELECT  "articles".* FROM "articles" WHERE "articles"."id" = ? LIMIT ?[0m  [["id", 2], ["LIMIT", 1]]
  ↳ app/controllers/comments_controller.rb:3
  [1m[35m (0.1ms)[0m  [1m[36mbegin transaction[0m
  ↳ app/controllers/comments_controller.rb:4
  [1m[36mComment Create (0.6ms)[0m  [1m[32mINSERT INTO "comments" ("commenter", "body", "article_id", "created_at", "updated_at") VALUES (?, ?, ?, ?, ?)[0m  [["commenter", "Steph"], ["body", "Another comment"], ["article_id", 2], ["created_at", "2019-03-04 04:31:04.143552"], ["updated_at", "2019-03-04 04:31:04.143552"]]
  ↳ app/controllers/comments_controller.rb:4
  [1m[35m (1.4ms)[0m  [1m[36mcommit transaction[0m
  ↳ app/controllers/comments_controller.rb:4
Redirected to http://localhost:3000/articles/2
Completed 302 Found in 9ms (ActiveRecord: 2.4ms)


Started GET "/articles/2" for 127.0.0.1 at 2019-03-03 23:31:04 -0500
Processing by ArticlesController#show as HTML
  Parameters: {"id"=>"2"}
  [1m[36mArticle Load (0.2ms)[0m  [1m[34mSELECT  "articles".* FROM "articles" WHERE "articles"."id" = ? LIMIT ?[0m  [["id", 2], ["LIMIT", 1]]
  ↳ app/controllers/articles_controller.rb:7
  Rendering articles/show.html.erb within layouts/application
  [1m[36mComment Load (0.2ms)[0m  [1m[34mSELECT "comments".* FROM "comments" WHERE "comments"."article_id" = ?[0m  [["article_id", 2]]
  ↳ app/views/articles/show.html.erb:12
  Rendered articles/show.html.erb within layouts/application (4.9ms)
Completed 200 OK in 34ms (Views: 30.6ms | ActiveRecord: 0.4ms)


Started GET "/articles" for 127.0.0.1 at 2019-03-03 23:31:08 -0500
Processing by ArticlesController#index as HTML
  Rendering articles/index.html.erb within layouts/application
  [1m[36mArticle Load (0.5ms)[0m  [1m[34mSELECT "articles".* FROM "articles"[0m
  ↳ app/views/articles/index.html.erb:10
  Rendered articles/index.html.erb within layouts/application (2.9ms)
Completed 200 OK in 29ms (Views: 25.0ms | ActiveRecord: 0.5ms)


Started GET "/articles/3" for 127.0.0.1 at 2019-03-03 23:31:19 -0500
Processing by ArticlesController#show as HTML
  Parameters: {"id"=>"3"}
  [1m[36mArticle Load (0.2ms)[0m  [1m[34mSELECT  "articles".* FROM "articles" WHERE "articles"."id" = ? LIMIT ?[0m  [["id", 3], ["LIMIT", 1]]
  ↳ app/controllers/articles_controller.rb:7
  Rendering articles/show.html.erb within layouts/application
  [1m[36mComment Load (0.1ms)[0m  [1m[34mSELECT "comments".* FROM "comments" WHERE "comments"."article_id" = ?[0m  [["article_id", 3]]
  ↳ app/views/articles/show.html.erb:12
  Rendered articles/show.html.erb within layouts/application (4.7ms)
Completed 200 OK in 36ms (Views: 31.6ms | ActiveRecord: 0.3ms)


Started POST "/articles/3/comments" for 127.0.0.1 at 2019-03-03 23:31:40 -0500
Processing by CommentsController#create as HTML
  Parameters: {"utf8"=>"✓", "authenticity_token"=>"Qfa9Dt5+ZtrYvZ8AhN8m0F3Z/2NvVzQM2YNyTjEPoq4XZs3oNabE8fBBWNMAl8p52AkMwr51kSMKUhUxYLIH3w==", "comment"=>{"commenter"=>"Steph", "body"=>"Selling verified checks. DM me for info"}, "commit"=>"Create Comment", "article_id"=>"3"}
  [1m[36mArticle Load (0.5ms)[0m  [1m[34mSELECT  "articles".* FROM "articles" WHERE "articles"."id" = ? LIMIT ?[0m  [["id", 3], ["LIMIT", 1]]
  ↳ app/controllers/comments_controller.rb:3
  [1m[35m (0.1ms)[0m  [1m[36mbegin transaction[0m
  ↳ app/controllers/comments_controller.rb:4
  [1m[36mComment Create (0.9ms)[0m  [1m[32mINSERT INTO "comments" ("commenter", "body", "article_id", "created_at", "updated_at") VALUES (?, ?, ?, ?, ?)[0m  [["commenter", "Steph"], ["body", "Selling verified checks. DM me for info"], ["article_id", 3], ["created_at", "2019-03-04 04:31:40.081667"], ["updated_at", "2019-03-04 04:31:40.081667"]]
  ↳ app/controllers/comments_controller.rb:4
  [1m[35m (1.4ms)[0m  [1m[36mcommit transaction[0m
  ↳ app/controllers/comments_controller.rb:4
Redirected to http://localhost:3000/articles/3
Completed 302 Found in 11ms (ActiveRecord: 2.9ms)


Started GET "/articles/3" for 127.0.0.1 at 2019-03-03 23:31:40 -0500
Processing by ArticlesController#show as HTML
  Parameters: {"id"=>"3"}
  [1m[36mArticle Load (0.2ms)[0m  [1m[34mSELECT  "articles".* FROM "articles" WHERE "articles"."id" = ? LIMIT ?[0m  [["id", 3], ["LIMIT", 1]]
  ↳ app/controllers/articles_controller.rb:7
  Rendering articles/show.html.erb within layouts/application
  [1m[36mComment Load (0.2ms)[0m  [1m[34mSELECT "comments".* FROM "comments" WHERE "comments"."article_id" = ?[0m  [["article_id", 3]]
  ↳ app/views/articles/show.html.erb:12
  Rendered articles/show.html.erb within layouts/application (4.4ms)
Completed 200 OK in 31ms (Views: 27.3ms | ActiveRecord: 0.4ms)


Started GET "/articles" for 127.0.0.1 at 2019-03-03 23:31:43 -0500
Processing by ArticlesController#index as HTML
  Rendering articles/index.html.erb within layouts/application
  [1m[36mArticle Load (0.2ms)[0m  [1m[34mSELECT "articles".* FROM "articles"[0m
  ↳ app/views/articles/index.html.erb:10
  Rendered articles/index.html.erb within layouts/application (3.5ms)
Completed 200 OK in 33ms (Views: 30.2ms | ActiveRecord: 0.2ms)


Started GET "/articles/5" for 127.0.0.1 at 2019-03-03 23:31:53 -0500
Processing by ArticlesController#show as HTML
  Parameters: {"id"=>"5"}
  [1m[36mArticle Load (0.2ms)[0m  [1m[34mSELECT  "articles".* FROM "articles" WHERE "articles"."id" = ? LIMIT ?[0m  [["id", 5], ["LIMIT", 1]]
  ↳ app/controllers/articles_controller.rb:7
  Rendering articles/show.html.erb within layouts/application
  [1m[36mComment Load (0.2ms)[0m  [1m[34mSELECT "comments".* FROM "comments" WHERE "comments"."article_id" = ?[0m  [["article_id", 5]]
  ↳ app/views/articles/show.html.erb:12
  Rendered articles/show.html.erb within layouts/application (4.5ms)
Completed 200 OK in 37ms (Views: 28.9ms | ActiveRecord: 0.3ms)


Started POST "/articles/5/comments" for 127.0.0.1 at 2019-03-03 23:32:27 -0500
Processing by CommentsController#create as HTML
  Parameters: {"utf8"=>"✓", "authenticity_token"=>"yh37asyxJWeUUTvkiXsSaYdFfsa+D3W4Itg16wauoPQeCRwqba2E3JArK7u52rxhs/0egjVSkS0oHbHWHeHjWA==", "comment"=>{"commenter"=>"Steph", "body"=>"Trying to break up with my girlfriend. Please comment rip on my profile so she thinks i died. Thanks in advance!"}, "commit"=>"Create Comment", "article_id"=>"5"}
  [1m[36mArticle Load (0.4ms)[0m  [1m[34mSELECT  "articles".* FROM "articles" WHERE "articles"."id" = ? LIMIT ?[0m  [["id", 5], ["LIMIT", 1]]
  ↳ app/controllers/comments_controller.rb:3
  [1m[35m (0.1ms)[0m  [1m[36mbegin transaction[0m
  ↳ app/controllers/comments_controller.rb:4
  [1m[36mComment Create (0.7ms)[0m  [1m[32mINSERT INTO "comments" ("commenter", "body", "article_id", "created_at", "updated_at") VALUES (?, ?, ?, ?, ?)[0m  [["commenter", "Steph"], ["body", "Trying to break up with my girlfriend. Please comment rip on my profile so she thinks i died. Thanks in advance!"], ["article_id", 5], ["created_at", "2019-03-04 04:32:27.154440"], ["updated_at", "2019-03-04 04:32:27.154440"]]
  ↳ app/controllers/comments_controller.rb:4
  [1m[35m (1.1ms)[0m  [1m[36mcommit transaction[0m
  ↳ app/controllers/comments_controller.rb:4
Redirected to http://localhost:3000/articles/5
Completed 302 Found in 10ms (ActiveRecord: 2.3ms)


Started GET "/articles/5" for 127.0.0.1 at 2019-03-03 23:32:27 -0500
Processing by ArticlesController#show as HTML
  Parameters: {"id"=>"5"}
  [1m[36mArticle Load (0.2ms)[0m  [1m[34mSELECT  "articles".* FROM "articles" WHERE "articles"."id" = ? LIMIT ?[0m  [["id", 5], ["LIMIT", 1]]
  ↳ app/controllers/articles_controller.rb:7
  Rendering articles/show.html.erb within layouts/application
  [1m[36mComment Load (0.2ms)[0m  [1m[34mSELECT "comments".* FROM "comments" WHERE "comments"."article_id" = ?[0m  [["article_id", 5]]
  ↳ app/views/articles/show.html.erb:12
  Rendered articles/show.html.erb within layouts/application (4.5ms)
Completed 200 OK in 34ms (Views: 30.3ms | ActiveRecord: 0.4ms)


Started GET "/articles" for 127.0.0.1 at 2019-03-03 23:32:35 -0500
Processing by ArticlesController#index as HTML
  Rendering articles/index.html.erb within layouts/application
  [1m[36mArticle Load (0.3ms)[0m  [1m[34mSELECT "articles".* FROM "articles"[0m
  ↳ app/views/articles/index.html.erb:10
  Rendered articles/index.html.erb within layouts/application (3.1ms)
Completed 200 OK in 36ms (Views: 32.2ms | ActiveRecord: 0.3ms)


Started GET "/articles/2" for 127.0.0.1 at 2019-03-03 23:32:39 -0500
Processing by ArticlesController#show as HTML
  Parameters: {"id"=>"2"}
  [1m[36mArticle Load (0.1ms)[0m  [1m[34mSELECT  "articles".* FROM "articles" WHERE "articles"."id" = ? LIMIT ?[0m  [["id", 2], ["LIMIT", 1]]
  ↳ app/controllers/articles_controller.rb:7
  Rendering articles/show.html.erb within layouts/application
  [1m[36mComment Load (0.3ms)[0m  [1m[34mSELECT "comments".* FROM "comments" WHERE "comments"."article_id" = ?[0m  [["article_id", 2]]
  ↳ app/views/articles/show.html.erb:12
  Rendered articles/show.html.erb within layouts/application (12.6ms)
Completed 200 OK in 39ms (Views: 33.9ms | ActiveRecord: 0.5ms)


Started POST "/articles/2/comments" for 127.0.0.1 at 2019-03-03 23:33:13 -0500
Processing by CommentsController#create as HTML
  Parameters: {"utf8"=>"✓", "authenticity_token"=>"H2Ldt+2fU5FuFKyYKFnQRYTXIQZPAacCU7psgwh8WyZws3hELLF5DJrXoJCoK74jAlnixc5XBnuGRaybZ6mzZQ==", "comment"=>{"commenter"=>"Steph", "body"=>"Hi I'm an up and coming soundcloud rapper please give me a follow i'd really appreciate it"}, "commit"=>"Create Comment", "article_id"=>"2"}
  [1m[36mArticle Load (0.2ms)[0m  [1m[34mSELECT  "articles".* FROM "articles" WHERE "articles"."id" = ? LIMIT ?[0m  [["id", 2], ["LIMIT", 1]]
  ↳ app/controllers/comments_controller.rb:3
  [1m[35m (0.1ms)[0m  [1m[36mbegin transaction[0m
  ↳ app/controllers/comments_controller.rb:4
  [1m[36mComment Create (0.6ms)[0m  [1m[32mINSERT INTO "comments" ("commenter", "body", "article_id", "created_at", "updated_at") VALUES (?, ?, ?, ?, ?)[0m  [["commenter", "Steph"], ["body", "Hi I'm an up and coming soundcloud rapper please give me a follow i'd really appreciate it"], ["article_id", 2], ["created_at", "2019-03-04 04:33:13.247400"], ["updated_at", "2019-03-04 04:33:13.247400"]]
  ↳ app/controllers/comments_controller.rb:4
  [1m[35m (1.7ms)[0m  [1m[36mcommit transaction[0m
  ↳ app/controllers/comments_controller.rb:4
Redirected to http://localhost:3000/articles/2
Completed 302 Found in 8ms (ActiveRecord: 2.6ms)


Started GET "/articles/2" for 127.0.0.1 at 2019-03-03 23:33:13 -0500
Processing by ArticlesController#show as HTML
  Parameters: {"id"=>"2"}
  [1m[36mArticle Load (0.2ms)[0m  [1m[34mSELECT  "articles".* FROM "articles" WHERE "articles"."id" = ? LIMIT ?[0m  [["id", 2], ["LIMIT", 1]]
  ↳ app/controllers/articles_controller.rb:7
  Rendering articles/show.html.erb within layouts/application
  [1m[36mComment Load (0.2ms)[0m  [1m[34mSELECT "comments".* FROM "comments" WHERE "comments"."article_id" = ?[0m  [["article_id", 2]]
  ↳ app/views/articles/show.html.erb:12
  Rendered articles/show.html.erb within layouts/application (5.9ms)
Completed 200 OK in 38ms (Views: 33.7ms | ActiveRecord: 0.4ms)


Started GET "/articles" for 127.0.0.1 at 2019-03-03 23:34:27 -0500
Processing by ArticlesController#index as HTML
  Rendering articles/index.html.erb within layouts/application
  [1m[36mArticle Load (0.4ms)[0m  [1m[34mSELECT "articles".* FROM "articles"[0m
  ↳ app/views/articles/index.html.erb:10
  Rendered articles/index.html.erb within layouts/application (3.5ms)
Completed 200 OK in 35ms (Views: 31.6ms | ActiveRecord: 0.4ms)


Started GET "/articles" for 127.0.0.1 at 2019-03-03 23:38:37 -0500
Processing by ArticlesController#index as HTML
  Rendering articles/index.html.erb within layouts/application
  [1m[36mArticle Load (0.2ms)[0m  [1m[34mSELECT "articles".* FROM "articles"[0m
  ↳ app/views/articles/index.html.erb:10
  Rendered articles/index.html.erb within layouts/application (2.1ms)
Completed 200 OK in 27ms (Views: 24.1ms | ActiveRecord: 0.2ms)


Started DELETE "/articles/4" for 127.0.0.1 at 2019-03-03 23:38:42 -0500
Processing by ArticlesController#destroy as HTML
  Parameters: {"authenticity_token"=>"ni5awfAq7TdLwchVYP6yqivqerqhZfPmpn1l0tYDKOnPlzc0fuyJgO3mSLvCdKfwsQFms8cd6VhhaZdJpXxDsA==", "id"=>"4"}
  [1m[36mArticle Load (0.2ms)[0m  [1m[34mSELECT  "articles".* FROM "articles" WHERE "articles"."id" = ? LIMIT ?[0m  [["id", 4], ["LIMIT", 1]]
  ↳ app/controllers/articles_controller.rb:39
  [1m[35m (0.1ms)[0m  [1m[36mbegin transaction[0m
  ↳ app/controllers/articles_controller.rb:40
  [1m[36mArticle Destroy (0.4ms)[0m  [1m[31mDELETE FROM "articles" WHERE "articles"."id" = ?[0m  [["id", 4]]
  ↳ app/controllers/articles_controller.rb:40
  [1m[35m (2.8ms)[0m  [1m[36mcommit transaction[0m
  ↳ app/controllers/articles_controller.rb:40
Redirected to http://localhost:3000/articles
Completed 302 Found in 7ms (ActiveRecord: 3.4ms)


Started GET "/articles" for 127.0.0.1 at 2019-03-03 23:38:42 -0500
Processing by ArticlesController#index as HTML
  Rendering articles/index.html.erb within layouts/application
  [1m[36mArticle Load (0.2ms)[0m  [1m[34mSELECT "articles".* FROM "articles"[0m
  ↳ app/views/articles/index.html.erb:10
  Rendered articles/index.html.erb within layouts/application (2.1ms)
Completed 200 OK in 33ms (Views: 31.2ms | ActiveRecord: 0.2ms)


Started GET "/articles/5/edit" for 127.0.0.1 at 2019-03-03 23:38:44 -0500
Processing by ArticlesController#edit as HTML
  Parameters: {"id"=>"5"}
  [1m[36mArticle Load (0.1ms)[0m  [1m[34mSELECT  "articles".* FROM "articles" WHERE "articles"."id" = ? LIMIT ?[0m  [["id", 5], ["LIMIT", 1]]
  ↳ app/controllers/articles_controller.rb:15
  Rendering articles/edit.html.erb within layouts/application
  Rendered articles/_form.html.erb (2.7ms)
  Rendered articles/edit.html.erb within layouts/application (8.0ms)
Completed 200 OK in 36ms (Views: 32.2ms | ActiveRecord: 0.1ms)


Started PATCH "/articles/5" for 127.0.0.1 at 2019-03-03 23:38:53 -0500
Processing by ArticlesController#update as HTML
  Parameters: {"utf8"=>"✓", "authenticity_token"=>"ImgPgQ5C3gdsUob1h/G/k3CG77noy9orqIHeqXTo+C9zNcp0anOmESBEFQMF5WO7vi0ct8mmEAWITi9saRP4VA==", "article"=>{"title"=>"A new length requirement", "text"=>"Now I can't get away with short ones. Edit: now i can edit articles"}, "commit"=>"Update Article", "id"=>"5"}
  [1m[36mArticle Load (0.2ms)[0m  [1m[34mSELECT  "articles".* FROM "articles" WHERE "articles"."id" = ? LIMIT ?[0m  [["id", 5], ["LIMIT", 1]]
  ↳ app/controllers/articles_controller.rb:29
  [1m[35m (0.1ms)[0m  [1m[36mbegin transaction[0m
  ↳ app/controllers/articles_controller.rb:31
  [1m[36mArticle Update (0.5ms)[0m  [1m[33mUPDATE "articles" SET "text" = ?, "updated_at" = ? WHERE "articles"."id" = ?[0m  [["text", "Now I can't get away with short ones. Edit: now i can edit articles"], ["updated_at", "2019-03-04 04:38:53.496863"], ["id", 5]]
  ↳ app/controllers/articles_controller.rb:31
  [1m[35m (3.7ms)[0m  [1m[36mcommit transaction[0m
  ↳ app/controllers/articles_controller.rb:31
Redirected to http://localhost:3000/articles/5
Completed 302 Found in 12ms (ActiveRecord: 4.5ms)


Started GET "/articles/5" for 127.0.0.1 at 2019-03-03 23:38:53 -0500
Processing by ArticlesController#show as HTML
  Parameters: {"id"=>"5"}
  [1m[36mArticle Load (0.4ms)[0m  [1m[34mSELECT  "articles".* FROM "articles" WHERE "articles"."id" = ? LIMIT ?[0m  [["id", 5], ["LIMIT", 1]]
  ↳ app/controllers/articles_controller.rb:7
  Rendering articles/show.html.erb within layouts/application
  [1m[36mComment Load (0.1ms)[0m  [1m[34mSELECT "comments".* FROM "comments" WHERE "comments"."article_id" = ?[0m  [["article_id", 5]]
  ↳ app/views/articles/show.html.erb:12
  Rendered collection of comments/_comment.html.erb [1 times] (0.6ms)
  Rendered comments/_form.html.erb (3.3ms)
  Rendered articles/show.html.erb within layouts/application (11.3ms)
Completed 200 OK in 43ms (Views: 39.3ms | ActiveRecord: 0.6ms)


